#
# A fatal error has been detected by the Java Runtime Environment:
#
#  SIGSEGV (0xb) at pc=0x0000749f4acc69d3, pid=287447, tid=287448
#
# JRE version: OpenJDK Runtime Environment (17.0.18+8) (build 17.0.18+8-Ubuntu-124.04.1)
# Java VM: OpenJDK 64-Bit Server VM (17.0.18+8-Ubuntu-124.04.1, mixed mode, sharing, tiered, compressed oops, compressed class ptrs, g1 gc, linux-amd64)
# Problematic frame:
# C  [libjniRaylib.so+0x2c69d3]  _glfwGetWindowPosX11+0x13
#
# Core dump will be written. Default location: Core dumps may be processed with "/usr/lib/systemd/systemd-coredump %P %u %g %s %t 9223372036854775808 %h %d" (or dumping to /home/pavel/IdeaProjects/untitled1/core.287447)
#
# If you would like to submit a bug report, please visit:
#   https://bugs.launchpad.net/ubuntu/+source/openjdk-17
# The crash happened outside the Java Virtual Machine in native code.
# See problematic frame for where to report the bug.
#

---------------  S U M M A R Y ------------

Command Line: -javaagent:/home/pavel/.local/share/JetBrains/Toolbox/apps/intellij-idea-community-edition/lib/idea_rt.jar=46279 -Dfile.encoding=UTF-8 org.example.Main

Host: Intel(R) Pentium(R) CPU 4417U @ 2.30GHz, 4 cores, 11G, Linux Mint 22.3 Zena
Time: Wed Mar 25 19:07:36 2026 +07 elapsed time: 0.512783 seconds (0d 0h 0m 0s)

---------------  T H R E A D  ---------------

Current thread (0x0000749fc4019ac0):  JavaThread "main" [_thread_in_native, id=287448, stack(0x0000749fc9f00000,0x0000749fca000000)]

Stack: [0x0000749fc9f00000,0x0000749fca000000],  sp=0x0000749fc9ffe6a0,  free space=1017k
Native frames: (J=compiled Java code, j=interpreted, Vv=VM code, C=native code)
C  [libjniRaylib.so+0x2c69d3]  _glfwGetWindowPosX11+0x13

Java frames: (J=compiled Java code, j=interpreted, Vv=VM code)
j  com.raylib.Raylib.InitWindow(IILjava/lang/String;)V+0
j  org.example.Main.main([Ljava/lang/String;)V+4
v  ~StubRoutines::call_stub

siginfo: si_signo: 11 (SIGSEGV), si_code: 1 (SEGV_MAPERR), si_addr: 0x0000000000000360

Registers:
RAX=0x0000749f4ad85de0, RBX=0x0000749fc9ffe6fc, RCX=0x0000000000000001, RDX=0x0000749fc9ffe6fc
RSP=0x0000749fc9ffe6a0, RBP=0x0000749fc9ffe6f8, RSI=0x0000749fc9ffe6f8, RDI=0x0000000000000000
R8 =0x0000000000000000, R9 =0x0000000000000000, R10=0x00000000ffffffff, R11=0x0000000000000293
R12=0x0000749fc9ffe770, R13=0x00000000ffffffff, R14=0x0000749fc9ffe970, R15=0x0000749fc4019ac0
RIP=0x0000749f4acc69d3, EFLAGS=0x0000000000010206, CSGSFS=0x002b000000000033, ERR=0x0000000000000004
  TRAPNO=0x000000000000000e

XMM[0]=0x0000000000000000 0x0000749fc425dc80
XMM[1]=0x0000749fc425cc80 0x0000749fc425cc80
XMM[2]=0xffffffffffffffff 0xffffffffffffffff
XMM[3]=0x0000000000000000 0x0000000000000000
XMM[4]=0xffffffffffffffff 0xffffffffffffff00
XMM[5]=0x0000000000000000 0x0000000000000000
XMM[6]=0x0000000000000000 0x0000000000000000
XMM[7]=0x312d78312d20657a 0x697320776f646e69
XMM[8]=0x0000000000000000 0x0000000000000000
XMM[9]=0x0000000000000000 0x0000000000000000
XMM[10]=0x0000000000000000 0x657479622f67726f
XMM[11]=0x0000000000000000 0x012f504d6e65704f
XMM[12]=0x0000000000000000 0x0000749fcb05f08c
XMM[13]=0x0000000000000000 0x0000749fcb05f08c
XMM[14]=0x0000000000000000 0x0000749fcb05f08c
XMM[15]=0x0000000000000000 0x0000070080000002
  MXCSR=0x00001fa0


Register to memory mapping:

RAX=0x0000749f4ad85de0: _glfw+0x0000000000000000 in /home/pavel/.javacpp/cache/jaylib-5.5.0-2.jar/com/raylib/linux-x86_64/libjniRaylib.so at 0x0000749f4aa00000
RBX=0x0000749fc9ffe6fc is pointing into the stack for thread: 0x0000749fc4019ac0
RCX=0x0000000000000001 is an unknown value
RDX=0x0000749fc9ffe6fc is pointing into the stack for thread: 0x0000749fc4019ac0
RSP=0x0000749fc9ffe6a0 is pointing into the stack for thread: 0x0000749fc4019ac0
RBP=0x0000749fc9ffe6f8 is pointing into the stack for thread: 0x0000749fc4019ac0
RSI=0x0000749fc9ffe6f8 is pointing into the stack for thread: 0x0000749fc4019ac0
RDI=0x0 is NULL
R8 =0x0 is NULL
R9 =0x0 is NULL
R10=0x00000000ffffffff is an unknown value
R11=0x0000000000000293 is an unknown value
R12=0x0000749fc9ffe770 is pointing into the stack for thread: 0x0000749fc4019ac0
R13=0x00000000ffffffff is an unknown value
R14=0x0000749fc9ffe970 is pointing into the stack for thread: 0x0000749fc4019ac0
R15=0x0000749fc4019ac0 is a thread


Top of Stack: (sp=0x0000749fc9ffe6a0)
0x0000749fc9ffe6a0:   0000749f4aceffc9 0000749fc42a8a74
0x0000749fc9ffe6b0:   0000749f4aceffcf 0000749fc42a8a78
0x0000749fc9ffe6c0:   0000749f4aceffd6 0000749fc428cea0
0x0000749fc9ffe6d0:   0000749fc4255090 0000749f4abf67c6
0x0000749fc9ffe6e0:   3f8000003f800000 64bd8dd159bae600
0x0000749fc9ffe6f0:   00000001c9ffe700 0000000000000000
0x0000749fc9ffe700:   0000000000000000 64bd8dd159bae600
0x0000749fc9ffe710:   00000000ffffffff 0000749f4ad79e40
0x0000749fc9ffe720:   0000749fc4255090 0000749fc9ffe770
0x0000749fc9ffe730:   00000000ffffffff 0000749fc9ffe970
0x0000749fc9ffe740:   0000749fc4019ac0 0000749f4abff7e9
0x0000749fc9ffe750:   0000749fc9ffe960 0000749fc4019d70
0x0000749fc9ffe760:   0000749fc9ffe6c0 0000749fc4128b90
0x0000749fc9ffe770:   0000003000000000 0000749fcb3473cd
0x0000749fc9ffe780:   0000000000000004 64bd8dd159bae600
0x0000749fc9ffe790:   0000749f4ad79e40 0000749fc4255090
0x0000749fc9ffe7a0:   3f8000003f800000 00000000ffffffff
0x0000749fc9ffe7b0:   0000749fc9ffe970 0000749f4ac00270
0x0000749fc9ffe7c0:   0000749fc4019ac0 0000000000000000
0x0000749fc9ffe7d0:   0000749fc4019d70 0000749f4b4154d0
0x0000749fc9ffe7e0:   0000749fc9ffe970 0000749f4b4154d0
0x0000749fc9ffe7f0:   0000000000000000 0000749f4b4154d0
0x0000749fc9ffe800:   0000749fc9ffe970 0000749fc4019ac0
0x0000749fc9ffe810:   0000749fc9ffe840 0000749f4ab3fe25
0x0000749fc9ffe820:   0000749fc4255090 0000000000000004
0x0000749fc9ffe830:   0000749fc4128b90 0000749fc4019d70
0x0000749fc9ffe840:   0000749fc9ffe880 0000749f4aa875ac
0x0000749fc9ffe850:   0000749fc9ffe960 64bd8dd159bae600
0x0000749fc9ffe860:   0000749fc9ffe890 0000749f4b4154d0
0x0000749fc9ffe870:   0000749fc9ffe8d0 0000000000000000
0x0000749fc9ffe880:   0000749f4b4154d0 0000749f4aaaca78
0x0000749fc9ffe890:   0000749fc9ffe960 ffffffffffffffff 

Instructions: (pc=0x0000749f4acc69d3)
0x0000749f4acc68d3:   01 0f b6 44 11 01 44 0f b6 14 11 48 c1 e0 08 49
0x0000749f4acc68e3:   c1 e2 10 4c 09 d0 44 0f b6 54 11 02 0f b6 4c 11
0x0000749f4acc68f3:   03 48 83 c2 04 4c 09 d0 48 c1 e1 18 48 09 c8 48
0x0000749f4acc6903:   89 47 f8 8b 06 0f af 46 04 44 39 c0 7f b7 48 83
0x0000749f4acc6913:   c6 10 4c 39 ce 75 86 4c 8d 2d bf f4 0b 00 48 8b
0x0000749f4acc6923:   b3 60 03 00 00 45 31 c9 41 b8 20 00 00 00 b9 06
0x0000749f4acc6933:   00 00 00 49 8b 95 48 17 02 00 49 8b bd 00 0b 02
0x0000749f4acc6943:   00 41 54 55 41 ff 95 c8 18 02 00 48 89 ef e8 4a
0x0000749f4acc6953:   24 ff ff 58 5a 5b 49 8b bd 00 0b 02 00 5d 49 8b
0x0000749f4acc6963:   85 78 19 02 00 41 5c 41 5d 41 5e ff e0 4c 8d 2d
0x0000749f4acc6973:   69 f4 0b 00 48 8b b7 60 03 00 00 49 8b 95 48 17
0x0000749f4acc6983:   02 00 49 8b bd 00 0b 02 00 41 ff 95 38 19 02 00
0x0000749f4acc6993:   eb c3 be 08 00 00 00 31 ff 45 31 e4 e8 4c 2b ff
0x0000749f4acc69a3:   ff 48 89 c5 e9 6e ff ff ff 31 d2 31 c0 e9 5b fe
0x0000749f4acc69b3:   ff ff 66 66 2e 0f 1f 84 00 00 00 00 00 f3 0f 1e
0x0000749f4acc69c3:   fa 55 48 89 f5 45 31 c0 53 48 89 d3 48 83 ec 28
0x0000749f4acc69d3:   48 8b b7 60 03 00 00 64 48 8b 04 25 28 00 00 00
0x0000749f4acc69e3:   48 89 44 24 18 31 c0 48 8d 05 ef f3 0b 00 48 8d
0x0000749f4acc69f3:   4c 24 10 48 8b 90 10 0b 02 00 48 8b b8 00 0b 02
0x0000749f4acc6a03:   00 51 48 8d 4c 24 14 51 31 c9 4c 8d 4c 24 18 ff
0x0000749f4acc6a13:   90 10 1b 02 00 58 5a 48 85 ed 74 07 8b 44 24 08
0x0000749f4acc6a23:   89 45 00 48 85 db 74 06 8b 44 24 0c 89 03 48 8b
0x0000749f4acc6a33:   44 24 18 64 48 33 04 25 28 00 00 00 75 07 48 83
0x0000749f4acc6a43:   c4 28 5b 5d c3 e8 33 78 da ff 0f 1f 00 f3 0f 1e
0x0000749f4acc6a53:   fa 55 48 89 f5 53 48 89 d3 48 81 ec 98 00 00 00
0x0000749f4acc6a63:   48 8b b7 60 03 00 00 64 48 8b 04 25 28 00 00 00
0x0000749f4acc6a73:   48 89 84 24 88 00 00 00 31 c0 48 8d 05 5c f3 0b
0x0000749f4acc6a83:   00 48 89 e2 48 8b b8 00 0b 02 00 ff 90 f0 19 02
0x0000749f4acc6a93:   00 48 85 ed 74 07 8b 44 24 08 89 45 00 48 85 db
0x0000749f4acc6aa3:   74 06 8b 44 24 0c 89 03 48 8b 84 24 88 00 00 00
0x0000749f4acc6ab3:   64 48 33 04 25 28 00 00 00 75 0a 48 81 c4 98 00
0x0000749f4acc6ac3:   00 00 5b 5d c3 e8 b3 77 da ff 0f 1f 00 f3 0f 1e 


Stack slot to memory mapping:
stack at sp + 0 slots: 0x0000749f4aceffc9: <offset 0x00000000002effc9> in /home/pavel/.javacpp/cache/jaylib-5.5.0-2.jar/com/raylib/linux-x86_64/libjniRaylib.so at 0x0000749f4aa00000
stack at sp + 1 slots: 0x0000749fc42a8a74 points into unknown readable memory: 00 00 00 00
stack at sp + 2 slots: 0x0000749f4aceffcf: <offset 0x00000000002effcf> in /home/pavel/.javacpp/cache/jaylib-5.5.0-2.jar/com/raylib/linux-x86_64/libjniRaylib.so at 0x0000749f4aa00000
stack at sp + 3 slots: 0x0000749fc42a8a78 points into unknown readable memory: 0x0000000000000000 | 00 00 00 00 00 00 00 00
stack at sp + 4 slots: 0x0000749f4aceffd6: <offset 0x00000000002effd6> in /home/pavel/.javacpp/cache/jaylib-5.5.0-2.jar/com/raylib/linux-x86_64/libjniRaylib.so at 0x0000749f4aa00000
stack at sp + 5 slots: 0x0000749fc428cea0 points into unknown readable memory: 0x00005b68eafea6f0 | f0 a6 fe ea 68 5b 00 00
stack at sp + 6 slots: 0x0000749fc4255090 points into unknown readable memory: 0x000000006f6d6544 | 44 65 6d 6f 00 00 00 00
stack at sp + 7 slots: 0x0000749f4abf67c6: GetCurrentMonitor+0x00000000000000d6 in /home/pavel/.javacpp/cache/jaylib-5.5.0-2.jar/com/raylib/linux-x86_64/libjniRaylib.so at 0x0000749f4aa00000


---------------  P R O C E S S  ---------------

Threads class SMR info:
_java_thread_list=0x0000749fc4252dd0, length=13, elements={
0x0000749fc4019ac0, 0x0000749fc412b9f0, 0x0000749fc412cde0, 0x0000749fc4132590,
0x0000749fc4133950, 0x0000749fc4134d70, 0x0000749fc4136730, 0x0000749fc4137c70,
0x0000749fc41390f0, 0x0000749fc4144530, 0x0000749fc41bf1d0, 0x0000749fc41c15a0,
0x0000749fc4252610
}

Java Threads: ( => current thread )
=>0x0000749fc4019ac0 JavaThread "main" [_thread_in_native, id=287448, stack(0x0000749fc9f00000,0x0000749fca000000)]
  0x0000749fc412b9f0 JavaThread "Reference Handler" daemon [_thread_blocked, id=287455, stack(0x0000749fa4faa000,0x0000749fa50aa000)]
  0x0000749fc412cde0 JavaThread "Finalizer" daemon [_thread_blocked, id=287456, stack(0x0000749fa4eaa000,0x0000749fa4faa000)]
  0x0000749fc4132590 JavaThread "Signal Dispatcher" daemon [_thread_blocked, id=287458, stack(0x0000749fa4daa000,0x0000749fa4eaa000)]
  0x0000749fc4133950 JavaThread "Service Thread" daemon [_thread_blocked, id=287459, stack(0x0000749fa4700000,0x0000749fa4800000)]
  0x0000749fc4134d70 JavaThread "Monitor Deflation Thread" daemon [_thread_blocked, id=287460, stack(0x0000749fa4600000,0x0000749fa4700000)]
  0x0000749fc4136730 JavaThread "C2 CompilerThread0" daemon [_thread_in_native, id=287461, stack(0x0000749fa4500000,0x0000749fa4600000)]
  0x0000749fc4137c70 JavaThread "C1 CompilerThread0" daemon [_thread_blocked, id=287462, stack(0x0000749fa4400000,0x0000749fa4500000)]
  0x0000749fc41390f0 JavaThread "Sweeper thread" daemon [_thread_blocked, id=287463, stack(0x0000749fa4300000,0x0000749fa4400000)]
  0x0000749fc4144530 JavaThread "Common-Cleaner" daemon [_thread_blocked, id=287464, stack(0x0000749fa4200000,0x0000749fa4300000)]
  0x0000749fc41bf1d0 JavaThread "Monitor Ctrl-Break" daemon [_thread_in_native, id=287465, stack(0x0000749fa4100000,0x0000749fa4200000)]
  0x0000749fc41c15a0 JavaThread "Notification Thread" daemon [_thread_blocked, id=287466, stack(0x0000749fa4000000,0x0000749fa4100000)]
  0x0000749fc4252610 JavaThread "JavaCPP Deallocator" daemon [_thread_blocked, id=287468, stack(0x0000749f4a900000,0x0000749f4aa00000)]

Other Threads:
  0x0000749fc4127970 VMThread "VM Thread" [stack: 0x0000749fa50ab000,0x0000749fa51ab000] [id=287454]
  0x0000749fc401c570 WatcherThread [stack: 0x0000749f4af00000,0x0000749f4b000000] [id=287467]
  0x0000749fc4070af0 GCTaskThread "GC Thread#0" [stack: 0x0000749fc83cb000,0x0000749fc84cb000] [id=287449]
  0x0000749fc407da00 ConcurrentGCThread "G1 Main Marker" [stack: 0x0000749fc82ca000,0x0000749fc83ca000] [id=287450]
  0x0000749fc407e980 ConcurrentGCThread "G1 Conc#0" [stack: 0x0000749fc81c9000,0x0000749fc82c9000] [id=287451]
  0x0000749fc40fcf30 ConcurrentGCThread "G1 Refine#0" [stack: 0x0000749fa53ff000,0x0000749fa54ff000] [id=287452]
  0x0000749fc40fde40 ConcurrentGCThread "G1 Service" [stack: 0x0000749fa52fe000,0x0000749fa53fe000] [id=287453]

Threads with active compile tasks:
C2 CompilerThread0  520  443       4       java.util.HashMap::put (13 bytes)

VM state: not at safepoint (normal execution)

VM Mutex/Monitor currently owned by a thread: None

Heap address: 0x0000000746e00000, size: 2962 MB, Compressed Oops mode: Zero based, Oop shift amount: 3

CDS archive(s) mapped at: [0x0000749f4f000000-0x0000749f4fbca000-0x0000749f4fbca000), size 12361728, SharedBaseAddress: 0x0000749f4f000000, ArchiveRelocationMode: 1.
Compressed class space mapped at: 0x0000749f50000000-0x0000749f90000000, reserved size: 1073741824
Narrow klass base: 0x0000749f4f000000, Narrow klass shift: 0, Narrow klass range: 0x100000000

GC Precious Log:
 CPUs: 4 total, 4 available
 Memory: 11840M
 Large Page Support: Disabled
 NUMA Support: Disabled
 Compressed Oops: Enabled (Zero based)
 Heap Region Size: 2M
 Heap Min Capacity: 8M
 Heap Initial Capacity: 186M
 Heap Max Capacity: 2962M
 Pre-touch: Disabled
 Parallel Workers: 4
 Concurrent Workers: 1
 Concurrent Refinement Workers: 4
 Periodic GC: Disabled

Heap:
 garbage-first heap   total 194560K, used 4020K [0x0000000746e00000, 0x0000000800000000)
  region size 2048K, 3 young (6144K), 0 survivors (0K)
 Metaspace       used 2239K, committed 2432K, reserved 1114112K
  class space    used 209K, committed 320K, reserved 1048576K

Heap Regions: E=young(eden), S=young(survivor), O=old, HS=humongous(starts), HC=humongous(continues), CS=collection set, F=free, OA=open archive, CA=closed archive, TAMS=top-at-mark-start (previous, next)
|   0|0x0000000746e00000, 0x0000000746e00000, 0x0000000747000000|  0%| F|  |TAMS 0x0000000746e00000, 0x0000000746e00000| Untracked 
|   1|0x0000000747000000, 0x0000000747000000, 0x0000000747200000|  0%| F|  |TAMS 0x0000000747000000, 0x0000000747000000| Untracked 
|   2|0x0000000747200000, 0x0000000747200000, 0x0000000747400000|  0%| F|  |TAMS 0x0000000747200000, 0x0000000747200000| Untracked 
|   3|0x0000000747400000, 0x0000000747400000, 0x0000000747600000|  0%| F|  |TAMS 0x0000000747400000, 0x0000000747400000| Untracked 
|   4|0x0000000747600000, 0x0000000747600000, 0x0000000747800000|  0%| F|  |TAMS 0x0000000747600000, 0x0000000747600000| Untracked 
|   5|0x0000000747800000, 0x0000000747800000, 0x0000000747a00000|  0%| F|  |TAMS 0x0000000747800000, 0x0000000747800000| Untracked 
|   6|0x0000000747a00000, 0x0000000747a00000, 0x0000000747c00000|  0%| F|  |TAMS 0x0000000747a00000, 0x0000000747a00000| Untracked 
|   7|0x0000000747c00000, 0x0000000747c00000, 0x0000000747e00000|  0%| F|  |TAMS 0x0000000747c00000, 0x0000000747c00000| Untracked 
|   8|0x0000000747e00000, 0x0000000747e00000, 0x0000000748000000|  0%| F|  |TAMS 0x0000000747e00000, 0x0000000747e00000| Untracked 
|   9|0x0000000748000000, 0x0000000748000000, 0x0000000748200000|  0%| F|  |TAMS 0x0000000748000000, 0x0000000748000000| Untracked 
|  10|0x0000000748200000, 0x0000000748200000, 0x0000000748400000|  0%| F|  |TAMS 0x0000000748200000, 0x0000000748200000| Untracked 
|  11|0x0000000748400000, 0x0000000748400000, 0x0000000748600000|  0%| F|  |TAMS 0x0000000748400000, 0x0000000748400000| Untracked 
|  12|0x0000000748600000, 0x0000000748600000, 0x0000000748800000|  0%| F|  |TAMS 0x0000000748600000, 0x0000000748600000| Untracked 
|  13|0x0000000748800000, 0x0000000748800000, 0x0000000748a00000|  0%| F|  |TAMS 0x0000000748800000, 0x0000000748800000| Untracked 
|  14|0x0000000748a00000, 0x0000000748a00000, 0x0000000748c00000|  0%| F|  |TAMS 0x0000000748a00000, 0x0000000748a00000| Untracked 
|  15|0x0000000748c00000, 0x0000000748c00000, 0x0000000748e00000|  0%| F|  |TAMS 0x0000000748c00000, 0x0000000748c00000| Untracked 
|  16|0x0000000748e00000, 0x0000000748e00000, 0x0000000749000000|  0%| F|  |TAMS 0x0000000748e00000, 0x0000000748e00000| Untracked 
|  17|0x0000000749000000, 0x0000000749000000, 0x0000000749200000|  0%| F|  |TAMS 0x0000000749000000, 0x0000000749000000| Untracked 
|  18|0x0000000749200000, 0x0000000749200000, 0x0000000749400000|  0%| F|  |TAMS 0x0000000749200000, 0x0000000749200000| Untracked 
|  19|0x0000000749400000, 0x0000000749400000, 0x0000000749600000|  0%| F|  |TAMS 0x0000000749400000, 0x0000000749400000| Untracked 
|  20|0x0000000749600000, 0x0000000749600000, 0x0000000749800000|  0%| F|  |TAMS 0x0000000749600000, 0x0000000749600000| Untracked 
|  21|0x0000000749800000, 0x0000000749800000, 0x0000000749a00000|  0%| F|  |TAMS 0x0000000749800000, 0x0000000749800000| Untracked 
|  22|0x0000000749a00000, 0x0000000749a00000, 0x0000000749c00000|  0%| F|  |TAMS 0x0000000749a00000, 0x0000000749a00000| Untracked 
|  23|0x0000000749c00000, 0x0000000749c00000, 0x0000000749e00000|  0%| F|  |TAMS 0x0000000749c00000, 0x0000000749c00000| Untracked 
|  24|0x0000000749e00000, 0x0000000749e00000, 0x000000074a000000|  0%| F|  |TAMS 0x0000000749e00000, 0x0000000749e00000| Untracked 
|  25|0x000000074a000000, 0x000000074a000000, 0x000000074a200000|  0%| F|  |TAMS 0x000000074a000000, 0x000000074a000000| Untracked 
|  26|0x000000074a200000, 0x000000074a200000, 0x000000074a400000|  0%| F|  |TAMS 0x000000074a200000, 0x000000074a200000| Untracked 
|  27|0x000000074a400000, 0x000000074a400000, 0x000000074a600000|  0%| F|  |TAMS 0x000000074a400000, 0x000000074a400000| Untracked 
|  28|0x000000074a600000, 0x000000074a600000, 0x000000074a800000|  0%| F|  |TAMS 0x000000074a600000, 0x000000074a600000| Untracked 
|  29|0x000000074a800000, 0x000000074a800000, 0x000000074aa00000|  0%| F|  |TAMS 0x000000074a800000, 0x000000074a800000| Untracked 
|  30|0x000000074aa00000, 0x000000074aa00000, 0x000000074ac00000|  0%| F|  |TAMS 0x000000074aa00000, 0x000000074aa00000| Untracked 
|  31|0x000000074ac00000, 0x000000074ac00000, 0x000000074ae00000|  0%| F|  |TAMS 0x000000074ac00000, 0x000000074ac00000| Untracked 
|  32|0x000000074ae00000, 0x000000074ae00000, 0x000000074b000000|  0%| F|  |TAMS 0x000000074ae00000, 0x000000074ae00000| Untracked 
|  33|0x000000074b000000, 0x000000074b000000, 0x000000074b200000|  0%| F|  |TAMS 0x000000074b000000, 0x000000074b000000| Untracked 
|  34|0x000000074b200000, 0x000000074b200000, 0x000000074b400000|  0%| F|  |TAMS 0x000000074b200000, 0x000000074b200000| Untracked 
|  35|0x000000074b400000, 0x000000074b400000, 0x000000074b600000|  0%| F|  |TAMS 0x000000074b400000, 0x000000074b400000| Untracked 
|  36|0x000000074b600000, 0x000000074b600000, 0x000000074b800000|  0%| F|  |TAMS 0x000000074b600000, 0x000000074b600000| Untracked 
|  37|0x000000074b800000, 0x000000074b800000, 0x000000074ba00000|  0%| F|  |TAMS 0x000000074b800000, 0x000000074b800000| Untracked 
|  38|0x000000074ba00000, 0x000000074ba00000, 0x000000074bc00000|  0%| F|  |TAMS 0x000000074ba00000, 0x000000074ba00000| Untracked 
|  39|0x000000074bc00000, 0x000000074bc00000, 0x000000074be00000|  0%| F|  |TAMS 0x000000074bc00000, 0x000000074bc00000| Untracked 
|  40|0x000000074be00000, 0x000000074be00000, 0x000000074c000000|  0%| F|  |TAMS 0x000000074be00000, 0x000000074be00000| Untracked 
|  41|0x000000074c000000, 0x000000074c000000, 0x000000074c200000|  0%| F|  |TAMS 0x000000074c000000, 0x000000074c000000| Untracked 
|  42|0x000000074c200000, 0x000000074c200000, 0x000000074c400000|  0%| F|  |TAMS 0x000000074c200000, 0x000000074c200000| Untracked 
|  43|0x000000074c400000, 0x000000074c400000, 0x000000074c600000|  0%| F|  |TAMS 0x000000074c400000, 0x000000074c400000| Untracked 
|  44|0x000000074c600000, 0x000000074c600000, 0x000000074c800000|  0%| F|  |TAMS 0x000000074c600000, 0x000000074c600000| Untracked 
|  45|0x000000074c800000, 0x000000074c800000, 0x000000074ca00000|  0%| F|  |TAMS 0x000000074c800000, 0x000000074c800000| Untracked 
|  46|0x000000074ca00000, 0x000000074ca00000, 0x000000074cc00000|  0%| F|  |TAMS 0x000000074ca00000, 0x000000074ca00000| Untracked 
|  47|0x000000074cc00000, 0x000000074cc00000, 0x000000074ce00000|  0%| F|  |TAMS 0x000000074cc00000, 0x000000074cc00000| Untracked 
|  48|0x000000074ce00000, 0x000000074ce00000, 0x000000074d000000|  0%| F|  |TAMS 0x000000074ce00000, 0x000000074ce00000| Untracked 
|  49|0x000000074d000000, 0x000000074d000000, 0x000000074d200000|  0%| F|  |TAMS 0x000000074d000000, 0x000000074d000000| Untracked 
|  50|0x000000074d200000, 0x000000074d200000, 0x000000074d400000|  0%| F|  |TAMS 0x000000074d200000, 0x000000074d200000| Untracked 
|  51|0x000000074d400000, 0x000000074d400000, 0x000000074d600000|  0%| F|  |TAMS 0x000000074d400000, 0x000000074d400000| Untracked 
|  52|0x000000074d600000, 0x000000074d600000, 0x000000074d800000|  0%| F|  |TAMS 0x000000074d600000, 0x000000074d600000| Untracked 
|  53|0x000000074d800000, 0x000000074d800000, 0x000000074da00000|  0%| F|  |TAMS 0x000000074d800000, 0x000000074d800000| Untracked 
|  54|0x000000074da00000, 0x000000074da00000, 0x000000074dc00000|  0%| F|  |TAMS 0x000000074da00000, 0x000000074da00000| Untracked 
|  55|0x000000074dc00000, 0x000000074dc00000, 0x000000074de00000|  0%| F|  |TAMS 0x000000074dc00000, 0x000000074dc00000| Untracked 
|  56|0x000000074de00000, 0x000000074de00000, 0x000000074e000000|  0%| F|  |TAMS 0x000000074de00000, 0x000000074de00000| Untracked 
|  57|0x000000074e000000, 0x000000074e000000, 0x000000074e200000|  0%| F|  |TAMS 0x000000074e000000, 0x000000074e000000| Untracked 
|  58|0x000000074e200000, 0x000000074e200000, 0x000000074e400000|  0%| F|  |TAMS 0x000000074e200000, 0x000000074e200000| Untracked 
|  59|0x000000074e400000, 0x000000074e400000, 0x000000074e600000|  0%| F|  |TAMS 0x000000074e400000, 0x000000074e400000| Untracked 
|  60|0x000000074e600000, 0x000000074e600000, 0x000000074e800000|  0%| F|  |TAMS 0x000000074e600000, 0x000000074e600000| Untracked 
|  61|0x000000074e800000, 0x000000074e800000, 0x000000074ea00000|  0%| F|  |TAMS 0x000000074e800000, 0x000000074e800000| Untracked 
|  62|0x000000074ea00000, 0x000000074ea00000, 0x000000074ec00000|  0%| F|  |TAMS 0x000000074ea00000, 0x000000074ea00000| Untracked 
|  63|0x000000074ec00000, 0x000000074ec00000, 0x000000074ee00000|  0%| F|  |TAMS 0x000000074ec00000, 0x000000074ec00000| Untracked 
|  64|0x000000074ee00000, 0x000000074ee00000, 0x000000074f000000|  0%| F|  |TAMS 0x000000074ee00000, 0x000000074ee00000| Untracked 
|  65|0x000000074f000000, 0x000000074f000000, 0x000000074f200000|  0%| F|  |TAMS 0x000000074f000000, 0x000000074f000000| Untracked 
|  66|0x000000074f200000, 0x000000074f200000, 0x000000074f400000|  0%| F|  |TAMS 0x000000074f200000, 0x000000074f200000| Untracked 
|  67|0x000000074f400000, 0x000000074f400000, 0x000000074f600000|  0%| F|  |TAMS 0x000000074f400000, 0x000000074f400000| Untracked 
|  68|0x000000074f600000, 0x000000074f600000, 0x000000074f800000|  0%| F|  |TAMS 0x000000074f600000, 0x000000074f600000| Untracked 
|  69|0x000000074f800000, 0x000000074f800000, 0x000000074fa00000|  0%| F|  |TAMS 0x000000074f800000, 0x000000074f800000| Untracked 
|  70|0x000000074fa00000, 0x000000074fa00000, 0x000000074fc00000|  0%| F|  |TAMS 0x000000074fa00000, 0x000000074fa00000| Untracked 
|  71|0x000000074fc00000, 0x000000074fc00000, 0x000000074fe00000|  0%| F|  |TAMS 0x000000074fc00000, 0x000000074fc00000| Untracked 
|  72|0x000000074fe00000, 0x000000074fe00000, 0x0000000750000000|  0%| F|  |TAMS 0x000000074fe00000, 0x000000074fe00000| Untracked 
|  73|0x0000000750000000, 0x0000000750000000, 0x0000000750200000|  0%| F|  |TAMS 0x0000000750000000, 0x0000000750000000| Untracked 
|  74|0x0000000750200000, 0x0000000750200000, 0x0000000750400000|  0%| F|  |TAMS 0x0000000750200000, 0x0000000750200000| Untracked 
|  75|0x0000000750400000, 0x0000000750400000, 0x0000000750600000|  0%| F|  |TAMS 0x0000000750400000, 0x0000000750400000| Untracked 
|  76|0x0000000750600000, 0x0000000750600000, 0x0000000750800000|  0%| F|  |TAMS 0x0000000750600000, 0x0000000750600000| Untracked 
|  77|0x0000000750800000, 0x0000000750800000, 0x0000000750a00000|  0%| F|  |TAMS 0x0000000750800000, 0x0000000750800000| Untracked 
|  78|0x0000000750a00000, 0x0000000750a00000, 0x0000000750c00000|  0%| F|  |TAMS 0x0000000750a00000, 0x0000000750a00000| Untracked 
|  79|0x0000000750c00000, 0x0000000750c00000, 0x0000000750e00000|  0%| F|  |TAMS 0x0000000750c00000, 0x0000000750c00000| Untracked 
|  80|0x0000000750e00000, 0x0000000750e00000, 0x0000000751000000|  0%| F|  |TAMS 0x0000000750e00000, 0x0000000750e00000| Untracked 
|  81|0x0000000751000000, 0x0000000751000000, 0x0000000751200000|  0%| F|  |TAMS 0x0000000751000000, 0x0000000751000000| Untracked 
|  82|0x0000000751200000, 0x0000000751200000, 0x0000000751400000|  0%| F|  |TAMS 0x0000000751200000, 0x0000000751200000| Untracked 
|  83|0x0000000751400000, 0x0000000751400000, 0x0000000751600000|  0%| F|  |TAMS 0x0000000751400000, 0x0000000751400000| Untracked 
|  84|0x0000000751600000, 0x0000000751600000, 0x0000000751800000|  0%| F|  |TAMS 0x0000000751600000, 0x0000000751600000| Untracked 
|  85|0x0000000751800000, 0x0000000751800000, 0x0000000751a00000|  0%| F|  |TAMS 0x0000000751800000, 0x0000000751800000| Untracked 
|  86|0x0000000751a00000, 0x0000000751a00000, 0x0000000751c00000|  0%| F|  |TAMS 0x0000000751a00000, 0x0000000751a00000| Untracked 
|  87|0x0000000751c00000, 0x0000000751c00000, 0x0000000751e00000|  0%| F|  |TAMS 0x0000000751c00000, 0x0000000751c00000| Untracked 
|  88|0x0000000751e00000, 0x0000000751e00000, 0x0000000752000000|  0%| F|  |TAMS 0x0000000751e00000, 0x0000000751e00000| Untracked 
|  89|0x0000000752000000, 0x0000000752000000, 0x0000000752200000|  0%| F|  |TAMS 0x0000000752000000, 0x0000000752000000| Untracked 
|  90|0x0000000752200000, 0x000000075227b268, 0x0000000752400000| 24%| E|  |TAMS 0x0000000752200000, 0x0000000752200000| Complete 
|  91|0x0000000752400000, 0x0000000752600000, 0x0000000752600000|100%| E|CS|TAMS 0x0000000752400000, 0x0000000752400000| Complete 
|  92|0x0000000752600000, 0x0000000752800000, 0x0000000752800000|100%| E|  |TAMS 0x0000000752600000, 0x0000000752600000| Complete 
|1479|0x00000007ffc00000, 0x00000007ffd75000, 0x00000007ffe00000| 72%|OA|  |TAMS 0x00000007ffc00000, 0x00000007ffc00000| Untracked 
|1480|0x00000007ffe00000, 0x00000007ffe78000, 0x0000000800000000| 23%|CA|  |TAMS 0x00000007ffe00000, 0x00000007ffe00000| Untracked 

Card table byte_map: [0x0000749fc8a94000,0x0000749fc905d000] _byte_map_base: 0x0000749fc505d000

Marking Bits (Prev, Next): (CMBitMap*) 0x0000749fc4071590, (CMBitMap*) 0x0000749fc40715d0
 Prev Bits: [0x0000749faa5b8000, 0x0000749fad400000)
 Next Bits: [0x0000749fa7770000, 0x0000749faa5b8000)

Polling page: 0x0000749fcb753000

Metaspace:

Usage:
  Non-class:      1,98 MB used.
      Class:    209,14 KB used.
       Both:      2,19 MB used.

Virtual space:
  Non-class space:       64,00 MB reserved,       2,06 MB (  3%) committed,  1 nodes.
      Class space:        1,00 GB reserved,     320,00 KB ( <1%) committed,  1 nodes.
             Both:        1,06 GB reserved,       2,38 MB ( <1%) committed. 

Chunk freelists:
   Non-Class:  11,22 MB
       Class:  15,66 MB
        Both:  26,88 MB

MaxMetaspaceSize: unlimited
CompressedClassSpaceSize: 1,00 GB
Initial GC threshold: 21,00 MB
Current GC threshold: 21,00 MB
CDS: on
MetaspaceReclaimPolicy: balanced
 - commit_granule_bytes: 65536.
 - commit_granule_words: 8192.
 - virtual_space_node_default_size: 8388608.
 - enlarge_chunks_in_place: 1.
 - new_chunks_are_fully_committed: 0.
 - uncommit_free_chunks: 1.
 - use_allocation_guard: 0.
 - handle_deallocations: 1.


Internal statistics:

num_allocs_failed_limit: 0.
num_arena_births: 20.
num_arena_deaths: 0.
num_vsnodes_births: 2.
num_vsnodes_deaths: 0.
num_space_committed: 38.
num_space_uncommitted: 0.
num_chunks_returned_to_freelist: 0.
num_chunks_taken_from_freelist: 60.
num_chunk_merges: 0.
num_chunk_splits: 40.
num_chunks_enlarged: 32.
num_inconsistent_stats: 0.

CodeHeap 'non-profiled nmethods': size=120032Kb used=151Kb max_used=151Kb free=119880Kb
 bounds [0x0000749fb4ec8000, 0x0000749fb5138000, 0x0000749fbc400000]
CodeHeap 'profiled nmethods': size=120028Kb used=643Kb max_used=643Kb free=119384Kb
 bounds [0x0000749fad400000, 0x0000749fad670000, 0x0000749fb4937000]
CodeHeap 'non-nmethods': size=5700Kb used=1156Kb max_used=1173Kb free=4543Kb
 bounds [0x0000749fb4937000, 0x0000749fb4ba7000, 0x0000749fb4ec8000]
 total_blobs=936 nmethods=481 adapters=370
 compilation: enabled
              stopped_count=0, restarted_count=0
 full_count=0

Compilation events (20 events):
Event: 0,458 Thread 0x0000749fc4137c70  474       3       java.util.Objects::checkIndex (7 bytes)
Event: 0,459 Thread 0x0000749fc4137c70 nmethod 474 0x0000749fad49af90 code [0x0000749fad49b140, 0x0000749fad49b340]
Event: 0,459 Thread 0x0000749fc4137c70  475       3       java.lang.Class::asSubclass (22 bytes)
Event: 0,460 Thread 0x0000749fc4137c70 nmethod 475 0x0000749fad49b490 code [0x0000749fad49b660, 0x0000749fad49b8e0]
Event: 0,460 Thread 0x0000749fc4137c70  476   !   3       jdk.internal.loader.BuiltinClassLoader::loadClassOrNull (143 bytes)
Event: 0,462 Thread 0x0000749fc4137c70 nmethod 476 0x0000749fad49ba10 code [0x0000749fad49bd40, 0x0000749fad49d1d0]
Event: 0,462 Thread 0x0000749fc4137c70  477       3       java.lang.ClassLoader::getClassLoadingLock (35 bytes)
Event: 0,463 Thread 0x0000749fc4137c70 nmethod 477 0x0000749fad49da10 code [0x0000749fad49dbe0, 0x0000749fad49dee0]
Event: 0,463 Thread 0x0000749fc4137c70  479       3       java.util.ArrayDeque::inc (12 bytes)
Event: 0,463 Thread 0x0000749fc4137c70 nmethod 479 0x0000749fad49e090 code [0x0000749fad49e220, 0x0000749fad49e330]
Event: 0,466 Thread 0x0000749fc4137c70  481       3       java.util.jar.JarFile::maybeInstantiateVerifier (42 bytes)
Event: 0,467 Thread 0x0000749fc4137c70 nmethod 481 0x0000749fad49e390 code [0x0000749fad49e560, 0x0000749fad49e8d0]
Event: 0,467 Thread 0x0000749fc4137c70  480       3       java.util.zip.ZipUtils::CENCOM (9 bytes)
Event: 0,467 Thread 0x0000749fc4137c70 nmethod 480 0x0000749fad49ea10 code [0x0000749fad49ebc0, 0x0000749fad49ed70]
Event: 0,467 Thread 0x0000749fc4137c70  482       3       java.lang.String::concat (15 bytes)
Event: 0,469 Thread 0x0000749fc4137c70 nmethod 482 0x0000749fad49ee90 code [0x0000749fad49f1e0, 0x0000749fad4a0700]
Event: 0,472 Thread 0x0000749fc4137c70  483       1       java.util.jar.Attributes$Name::hashCode (5 bytes)
Event: 0,472 Thread 0x0000749fc4137c70 nmethod 483 0x0000749fb4eec810 code [0x0000749fb4eec9a0, 0x0000749fb4eeca70]
Event: 0,502 Thread 0x0000749fc4136730 nmethod 440 0x0000749fb4eecb10 code [0x0000749fb4eeccc0, 0x0000749fb4eed268]
Event: 0,502 Thread 0x0000749fc4136730  478       4       java.lang.StringLatin1::indexOfChar (33 bytes)

GC Heap History (0 events):
No events

Dll operation events (11 events):
Event: 0,004 Loaded shared library /usr/lib/jvm/java-17-openjdk-amd64/lib/libjava.so
Event: 0,048 Loaded shared library /usr/lib/jvm/java-17-openjdk-amd64/lib/libjsvml.so
Event: 0,187 Loaded shared library /usr/lib/jvm/java-17-openjdk-amd64/lib/libzip.so
Event: 0,189 Loaded shared library /usr/lib/jvm/java-17-openjdk-amd64/lib/libinstrument.so
Event: 0,196 Loaded shared library /usr/lib/jvm/java-17-openjdk-amd64/lib/libnio.so
Event: 0,202 Loaded shared library /usr/lib/jvm/java-17-openjdk-amd64/lib/libzip.so
Event: 0,215 Loaded shared library /usr/lib/jvm/java-17-openjdk-amd64/lib/libnet.so
Event: 0,231 Loaded shared library /usr/lib/jvm/java-17-openjdk-amd64/lib/libextnet.so
Event: 0,274 Loaded shared library /usr/lib/jvm/java-17-openjdk-amd64/lib/libjimage.so
Event: 0,352 Loaded shared library /usr/lib/x86_64-linux-gnu/libX11.so.6.4.0
Event: 0,376 Loaded shared library /home/pavel/.javacpp/cache/jaylib-5.5.0-2.jar/com/raylib/linux-x86_64/libjniRaylib.so

Deoptimization events (12 events):
Event: 0,202 Thread 0x0000749fc4019ac0 Uncommon trap: trap_request=0xfffffff4 fr.pc=0x0000749fb4ed29c0 relative=0x00000000000001a0
Event: 0,202 Thread 0x0000749fc4019ac0 Uncommon trap: reason=null_check action=make_not_entrant pc=0x0000749fb4ed29c0 method=java.lang.String.equals(Ljava/lang/Object;)Z @ 8 c2
Event: 0,202 Thread 0x0000749fc4019ac0 DEOPT PACKING pc=0x0000749fb4ed29c0 sp=0x0000749fc9ffd410
Event: 0,202 Thread 0x0000749fc4019ac0 DEOPT UNPACKING pc=0x0000749fb498d693 sp=0x0000749fc9ffd3d8 mode 2
Event: 0,294 Thread 0x0000749fc4019ac0 Uncommon trap: trap_request=0xffffff45 fr.pc=0x0000749fb4ed5ac0 relative=0x00000000000006e0
Event: 0,294 Thread 0x0000749fc4019ac0 Uncommon trap: reason=unstable_if action=reinterpret pc=0x0000749fb4ed5ac0 method=java.util.HashMap.putVal(ILjava/lang/Object;Ljava/lang/Object;ZZ)Ljava/lang/Object; @ 69 c2
Event: 0,294 Thread 0x0000749fc4019ac0 DEOPT PACKING pc=0x0000749fb4ed5ac0 sp=0x0000749fc9ffca90
Event: 0,294 Thread 0x0000749fc4019ac0 DEOPT UNPACKING pc=0x0000749fb498d693 sp=0x0000749fc9ffca30 mode 2
Event: 0,437 Thread 0x0000749fc4019ac0 DEOPT PACKING pc=0x0000749fad427db6 sp=0x0000749fc9ffc5a0
Event: 0,437 Thread 0x0000749fc4019ac0 DEOPT UNPACKING pc=0x0000749fb498de10 sp=0x0000749fc9ffb9e0 mode 0
Event: 0,460 Thread 0x0000749fc4019ac0 DEOPT PACKING pc=0x0000749fad421dc2 sp=0x0000749fc9ffc6d0
Event: 0,460 Thread 0x0000749fc4019ac0 DEOPT UNPACKING pc=0x0000749fb498de10 sp=0x0000749fc9ffbb68 mode 0

Classes loaded (20 events):
Event: 0,373 Loading class java/time/zone/Ser
Event: 0,373 Loading class java/io/Externalizable
Event: 0,373 Loading class java/io/Externalizable done
Event: 0,373 Loading class java/time/zone/Ser done
Event: 0,374 Loading class java/time/zone/ZoneOffsetTransition
Event: 0,374 Loading class java/time/zone/ZoneOffsetTransition done
Event: 0,375 Loading class java/util/concurrent/TimeUnit$1
Event: 0,375 Loading class java/util/concurrent/TimeUnit$1 done
Event: 0,390 Loading class java/lang/NumberFormatException
Event: 0,390 Loading class java/lang/NumberFormatException done
Event: 0,400 Loading class java/lang/ProcessEnvironment
Event: 0,401 Loading class java/lang/ProcessEnvironment done
Event: 0,401 Loading class java/lang/ProcessEnvironment$Variable
Event: 0,401 Loading class java/lang/ProcessEnvironment$ExternalData
Event: 0,402 Loading class java/lang/ProcessEnvironment$ExternalData done
Event: 0,402 Loading class java/lang/ProcessEnvironment$Variable done
Event: 0,402 Loading class java/lang/ProcessEnvironment$Value
Event: 0,402 Loading class java/lang/ProcessEnvironment$Value done
Event: 0,402 Loading class java/lang/ProcessEnvironment$StringEnvironment
Event: 0,403 Loading class java/lang/ProcessEnvironment$StringEnvironment done

Classes unloaded (0 events):
No events

Classes redefined (0 events):
No events

Internal exceptions (8 events):
Event: 0,202 Thread 0x0000749fc4019ac0 Implicit null exception at 0x0000749fb4ed2855 to 0x0000749fb4ed29b0
Event: 0,218 Thread 0x0000749fc41bf1d0 Exception <a 'java/lang/NoSuchMethodError'{0x00000007527363b0}: 'java.lang.Object java.lang.invoke.DirectMethodHandle$Holder.invokeStaticInit(java.lang.Object)'> (0x00000007527363b0) 
thrown [./src/hotspot/share/interpreter/linkResolver.cpp, line 758]
Event: 0,234 Thread 0x0000749fc41bf1d0 Exception <a 'java/lang/NoSuchMethodError'{0x0000000752744ae8}: 'void java.lang.invoke.DirectMethodHandle$Holder.invokeStatic(java.lang.Object, java.lang.Object)'> (0x0000000752744ae8) 
thrown [./src/hotspot/share/interpreter/linkResolver.cpp, line 758]
Event: 0,249 Thread 0x0000749fc4019ac0 Exception <a 'java/lang/NoSuchMethodError'{0x000000075241d238}: 'int java.lang.invoke.DirectMethodHandle$Holder.invokeStaticInit(java.lang.Object, java.lang.Object, java.lang.Object, java.lang.Object)'> (0x000000075241d238) 
thrown [./src/hotspot/share/interpreter/linkResolver.cpp, line 758]
Event: 0,253 Thread 0x0000749fc4019ac0 Exception <a 'java/lang/NoSuchMethodError'{0x0000000752427678}: 'java.lang.Object java.lang.invoke.DirectMethodHandle$Holder.invokeInterface(java.lang.Object, java.lang.Object)'> (0x0000000752427678) 
thrown [./src/hotspot/share/interpreter/linkResolver.cpp, line 758]
Event: 0,254 Thread 0x0000749fc4019ac0 Exception <a 'java/lang/IncompatibleClassChangeError'{0x000000075242acf0}: Found class java.lang.Object, but interface was expected> (0x000000075242acf0) 
thrown [./src/hotspot/share/interpreter/linkResolver.cpp, line 826]
Event: 0,255 Thread 0x0000749fc4019ac0 Exception <a 'java/lang/NoSuchMethodError'{0x000000075242dc60}: 'void java.lang.invoke.DirectMethodHandle$Holder.invokeStaticInit(java.lang.Object, java.lang.Object)'> (0x000000075242dc60) 
thrown [./src/hotspot/share/interpreter/linkResolver.cpp, line 758]
Event: 0,257 Thread 0x0000749fc4019ac0 Exception <a 'java/lang/NoSuchMethodError'{0x00000007524337e8}: 'int java.lang.invoke.DirectMethodHandle$Holder.invokeStaticInit(java.lang.Object, java.lang.Object)'> (0x00000007524337e8) 
thrown [./src/hotspot/share/interpreter/linkResolver.cpp, line 758]

VM Operations (2 events):
Event: 0,215 Executing VM operation: HandshakeAllThreads
Event: 0,215 Executing VM operation: HandshakeAllThreads done

Memory protections (13 events):
Event: 0,003 Protecting memory [0x0000749fc9f00000,0x0000749fc9f04000] with protection modes 0
Event: 0,058 Protecting memory [0x0000749fa4faa000,0x0000749fa4fae000] with protection modes 0
Event: 0,063 Protecting memory [0x0000749fa4eaa000,0x0000749fa4eae000] with protection modes 0
Event: 0,067 Protecting memory [0x0000749fa4daa000,0x0000749fa4dae000] with protection modes 0
Event: 0,072 Protecting memory [0x0000749fa4700000,0x0000749fa4704000] with protection modes 0
Event: 0,073 Protecting memory [0x0000749fa4600000,0x0000749fa4604000] with protection modes 0
Event: 0,074 Protecting memory [0x0000749fa4500000,0x0000749fa4504000] with protection modes 0
Event: 0,076 Protecting memory [0x0000749fa4400000,0x0000749fa4404000] with protection modes 0
Event: 0,080 Protecting memory [0x0000749fa4300000,0x0000749fa4304000] with protection modes 0
Event: 0,122 Protecting memory [0x0000749fa4200000,0x0000749fa4204000] with protection modes 0
Event: 0,213 Protecting memory [0x0000749fa4100000,0x0000749fa4104000] with protection modes 0
Event: 0,215 Protecting memory [0x0000749fa4000000,0x0000749fa4004000] with protection modes 0
Event: 0,395 Protecting memory [0x0000749f4a900000,0x0000749f4a904000] with protection modes 0

Nmethod flushes (0 events):
No events

Events (13 events):
Event: 0,049 Thread 0x0000749fc4019ac0 Thread added: 0x0000749fc4019ac0
Event: 0,058 Thread 0x0000749fc4019ac0 Thread added: 0x0000749fc412b9f0
Event: 0,060 Thread 0x0000749fc4019ac0 Thread added: 0x0000749fc412cde0
Event: 0,067 Thread 0x0000749fc4019ac0 Thread added: 0x0000749fc4132590
Event: 0,072 Thread 0x0000749fc4019ac0 Thread added: 0x0000749fc4133950
Event: 0,073 Thread 0x0000749fc4019ac0 Thread added: 0x0000749fc4134d70
Event: 0,074 Thread 0x0000749fc4019ac0 Thread added: 0x0000749fc4136730
Event: 0,076 Thread 0x0000749fc4019ac0 Thread added: 0x0000749fc4137c70
Event: 0,078 Thread 0x0000749fc4019ac0 Thread added: 0x0000749fc41390f0
Event: 0,122 Thread 0x0000749fc4019ac0 Thread added: 0x0000749fc4144530
Event: 0,213 Thread 0x0000749fc4019ac0 Thread added: 0x0000749fc41bf1d0
Event: 0,215 Thread 0x0000749fc4019ac0 Thread added: 0x0000749fc41c15a0
Event: 0,394 Thread 0x0000749fc4019ac0 Thread added: 0x0000749fc4252610


Dynamic libraries:
746e00000-752800000 rw-p 00000000 00:00 0 
752800000-7ffc00000 ---p 00000000 00:00 0 
7ffc00000-7ffd00000 rw-p 00000000 00:00 0 
7ffd00000-7ffd75000 rw-p 00c7a000 08:02 19186809                         /usr/lib/jvm/java-17-openjdk-amd64/lib/server/classes.jsa
7ffd75000-7ffe00000 rw-p 00000000 00:00 0 
7ffe00000-7ffe78000 rw-p 00c02000 08:02 19186809                         /usr/lib/jvm/java-17-openjdk-amd64/lib/server/classes.jsa
7ffe78000-800000000 rw-p 00000000 00:00 0 
5b68d04af000-5b68d04b0000 r--p 00000000 08:02 19136579                   /usr/lib/jvm/java-17-openjdk-amd64/bin/java
5b68d04b0000-5b68d04b1000 r-xp 00001000 08:02 19136579                   /usr/lib/jvm/java-17-openjdk-amd64/bin/java
5b68d04b1000-5b68d04b2000 r--p 00002000 08:02 19136579                   /usr/lib/jvm/java-17-openjdk-amd64/bin/java
5b68d04b2000-5b68d04b3000 r--p 00002000 08:02 19136579                   /usr/lib/jvm/java-17-openjdk-amd64/bin/java
5b68d04b3000-5b68d04b4000 rw-p 00003000 08:02 19136579                   /usr/lib/jvm/java-17-openjdk-amd64/bin/java
5b68eafe9000-5b68eb030000 rw-p 00000000 00:00 0                          [heap]
749f0c000000-749f0c021000 rw-p 00000000 00:00 0 
749f0c021000-749f10000000 ---p 00000000 00:00 0 
749f14000000-749f14021000 rw-p 00000000 00:00 0 
749f14021000-749f18000000 ---p 00000000 00:00 0 
749f18000000-749f18021000 rw-p 00000000 00:00 0 
749f18021000-749f1c000000 ---p 00000000 00:00 0 
749f1c000000-749f1c021000 rw-p 00000000 00:00 0 
749f1c021000-749f20000000 ---p 00000000 00:00 0 
749f20000000-749f20021000 rw-p 00000000 00:00 0 
749f20021000-749f24000000 ---p 00000000 00:00 0 
749f24000000-749f24157000 rw-p 00000000 00:00 0 
749f24157000-749f28000000 ---p 00000000 00:00 0 
749f28000000-749f28021000 rw-p 00000000 00:00 0 
749f28021000-749f2c000000 ---p 00000000 00:00 0 
749f2c000000-749f2c021000 rw-p 00000000 00:00 0 
749f2c021000-749f30000000 ---p 00000000 00:00 0 
749f30000000-749f3014b000 rw-p 00000000 00:00 0 
749f3014b000-749f34000000 ---p 00000000 00:00 0 
749f34000000-749f34021000 rw-p 00000000 00:00 0 
749f34021000-749f38000000 ---p 00000000 00:00 0 
749f38000000-749f38021000 rw-p 00000000 00:00 0 
749f38021000-749f3c000000 ---p 00000000 00:00 0 
749f3c000000-749f3c021000 rw-p 00000000 00:00 0 
749f3c021000-749f40000000 ---p 00000000 00:00 0 
749f40000000-749f40021000 rw-p 00000000 00:00 0 
749f40021000-749f44000000 ---p 00000000 00:00 0 
749f44000000-749f44021000 rw-p 00000000 00:00 0 
749f44021000-749f48000000 ---p 00000000 00:00 0 
749f4a900000-749f4a904000 ---p 00000000 00:00 0 
749f4a904000-749f4aa00000 rw-p 00000000 00:00 0 
749f4aa00000-749f4aa6d000 r--p 00000000 08:02 19535078                   /home/pavel/.javacpp/cache/jaylib-5.5.0-2.jar/com/raylib/linux-x86_64/libjniRaylib.so
749f4aa6d000-749f4acd1000 r-xp 0006d000 08:02 19535078                   /home/pavel/.javacpp/cache/jaylib-5.5.0-2.jar/com/raylib/linux-x86_64/libjniRaylib.so
749f4acd1000-749f4ad63000 r--p 002d1000 08:02 19535078                   /home/pavel/.javacpp/cache/jaylib-5.5.0-2.jar/com/raylib/linux-x86_64/libjniRaylib.so
749f4ad63000-749f4ad64000 ---p 00363000 08:02 19535078                   /home/pavel/.javacpp/cache/jaylib-5.5.0-2.jar/com/raylib/linux-x86_64/libjniRaylib.so
749f4ad64000-749f4ad65000 r--p 00363000 08:02 19535078                   /home/pavel/.javacpp/cache/jaylib-5.5.0-2.jar/com/raylib/linux-x86_64/libjniRaylib.so
749f4ad65000-749f4ad6f000 rw-p 00364000 08:02 19535078                   /home/pavel/.javacpp/cache/jaylib-5.5.0-2.jar/com/raylib/linux-x86_64/libjniRaylib.so
749f4ad6f000-749f4ada9000 rw-p 00000000 00:00 0 
749f4adc2000-749f4addb000 r--p 00000000 08:02 9993415                    /usr/lib/x86_64-linux-gnu/libX11.so.6.4.0
749f4addb000-749f4ae6b000 r-xp 00019000 08:02 9993415                    /usr/lib/x86_64-linux-gnu/libX11.so.6.4.0
749f4ae6b000-749f4aefa000 r--p 000a9000 08:02 9993415                    /usr/lib/x86_64-linux-gnu/libX11.so.6.4.0
749f4aefa000-749f4aefb000 r--p 00138000 08:02 9993415                    /usr/lib/x86_64-linux-gnu/libX11.so.6.4.0
749f4aefb000-749f4aeff000 rw-p 00139000 08:02 9993415                    /usr/lib/x86_64-linux-gnu/libX11.so.6.4.0
749f4aeff000-749f4af00000 ---p 00000000 00:00 0 
749f4af00000-749f4b000000 rw-p 00000000 00:00 0 
749f4b000000-749f4b140000 rw-p 00000000 00:00 0 
749f4b140000-749f4b400000 ---p 00000000 00:00 0 
749f4b400000-749f4b4d0000 rw-p 00000000 00:00 0 
749f4b4d0000-749f4f000000 ---p 00000000 00:00 0 
749f4f000000-749f4fbca000 rw-p 00001000 08:02 19186809                   /usr/lib/jvm/java-17-openjdk-amd64/lib/server/classes.jsa
749f4fbca000-749f50000000 ---p 00000000 00:00 0 
749f50000000-749f50020000 rw-p 00000000 00:00 0 
749f50020000-749f50040000 ---p 00000000 00:00 0 
749f50040000-749f50070000 rw-p 00000000 00:00 0 
749f50070000-749f90000000 ---p 00000000 00:00 0 
749f90000000-749f90021000 rw-p 00000000 00:00 0 
749f90021000-749f94000000 ---p 00000000 00:00 0 
749f94000000-749f94021000 rw-p 00000000 00:00 0 
749f94021000-749f98000000 ---p 00000000 00:00 0 
749f98000000-749f98021000 rw-p 00000000 00:00 0 
749f98021000-749f9c000000 ---p 00000000 00:00 0 
749f9c000000-749f9c021000 rw-p 00000000 00:00 0 
749f9c021000-749fa0000000 ---p 00000000 00:00 0 
749fa0000000-749fa0021000 rw-p 00000000 00:00 0 
749fa0021000-749fa4004000 ---p 00000000 00:00 0 
749fa4004000-749fa4100000 rw-p 00000000 00:00 0 
749fa4100000-749fa4104000 ---p 00000000 00:00 0 
749fa4104000-749fa4200000 rw-p 00000000 00:00 0 
749fa4200000-749fa4204000 ---p 00000000 00:00 0 
749fa4204000-749fa4300000 rw-p 00000000 00:00 0 
749fa4300000-749fa4304000 ---p 00000000 00:00 0 
749fa4304000-749fa4400000 rw-p 00000000 00:00 0 
749fa4400000-749fa4404000 ---p 00000000 00:00 0 
749fa4404000-749fa4500000 rw-p 00000000 00:00 0 
749fa4500000-749fa4504000 ---p 00000000 00:00 0 
749fa4504000-749fa4600000 rw-p 00000000 00:00 0 
749fa4600000-749fa4604000 ---p 00000000 00:00 0 
749fa4604000-749fa4700000 rw-p 00000000 00:00 0 
749fa4700000-749fa4704000 ---p 00000000 00:00 0 
749fa4704000-749fa4800000 rw-p 00000000 00:00 0 
749fa4800000-749fa4d77000 r--p 00000000 08:02 9961831                    /usr/lib/locale/locale-archive
749fa4daa000-749fa4dae000 ---p 00000000 00:00 0 
749fa4dae000-749fa4eaa000 rw-p 00000000 00:00 0 
749fa4eaa000-749fa4eae000 ---p 00000000 00:00 0 
749fa4eae000-749fa4faa000 rw-p 00000000 00:00 0 
749fa4faa000-749fa4fae000 ---p 00000000 00:00 0 
749fa4fae000-749fa50aa000 rw-p 00000000 00:00 0 
749fa50aa000-749fa50ab000 ---p 00000000 00:00 0 
749fa50ab000-749fa51ab000 rw-p 00000000 00:00 0 
749fa51ab000-749fa51b0000 r--p 00000000 08:02 19186793                   /usr/lib/jvm/java-17-openjdk-amd64/lib/libjsvml.so
749fa51b0000-749fa51f1000 r-xp 00005000 08:02 19186793                   /usr/lib/jvm/java-17-openjdk-amd64/lib/libjsvml.so
749fa51f1000-749fa527a000 r--p 00046000 08:02 19186793                   /usr/lib/jvm/java-17-openjdk-amd64/lib/libjsvml.so
749fa527a000-749fa527b000 r--p 000ce000 08:02 19186793                   /usr/lib/jvm/java-17-openjdk-amd64/lib/libjsvml.so
749fa527b000-749fa527c000 rw-p 000cf000 08:02 19186793                   /usr/lib/jvm/java-17-openjdk-amd64/lib/libjsvml.so
749fa527c000-749fa52fd000 rw-p 00000000 00:00 0 
749fa52fd000-749fa52fe000 ---p 00000000 00:00 0 
749fa52fe000-749fa53fe000 rw-p 00000000 00:00 0 
749fa53fe000-749fa53ff000 ---p 00000000 00:00 0 
749fa53ff000-749fa54ff000 rw-p 00000000 00:00 0 
749fa54ff000-749fa7600000 rw-p 00000000 00:00 0 
749fa7623000-749fa7625000 r--p 00000000 08:02 9993454                    /usr/lib/x86_64-linux-gnu/libXrender.so.1.3.0
749fa7625000-749fa762c000 r-xp 00002000 08:02 9993454                    /usr/lib/x86_64-linux-gnu/libXrender.so.1.3.0
749fa762c000-749fa762d000 r--p 00009000 08:02 9993454                    /usr/lib/x86_64-linux-gnu/libXrender.so.1.3.0
749fa762d000-749fa762e000 r--p 00009000 08:02 9993454                    /usr/lib/x86_64-linux-gnu/libXrender.so.1.3.0
749fa762e000-749fa762f000 rw-p 0000a000 08:02 9993454                    /usr/lib/x86_64-linux-gnu/libXrender.so.1.3.0
749fa7637000-749fa763e000 r--s 00000000 08:02 9975219                    /usr/lib/x86_64-linux-gnu/gconv/gconv-modules.cache
749fa763e000-749fa763f000 r--p 00000000 08:02 9993413                    /usr/lib/x86_64-linux-gnu/libX11-xcb.so.1.0.0
749fa763f000-749fa7640000 r-xp 00001000 08:02 9993413                    /usr/lib/x86_64-linux-gnu/libX11-xcb.so.1.0.0
749fa7640000-749fa7641000 r--p 00002000 08:02 9993413                    /usr/lib/x86_64-linux-gnu/libX11-xcb.so.1.0.0
749fa7641000-749fa7642000 r--p 00002000 08:02 9993413                    /usr/lib/x86_64-linux-gnu/libX11-xcb.so.1.0.0
749fa7642000-749fa7643000 rw-p 00003000 08:02 9993413                    /usr/lib/x86_64-linux-gnu/libX11-xcb.so.1.0.0
749fa7643000-749fa7645000 r--p 00000000 08:02 9993426                    /usr/lib/x86_64-linux-gnu/libXcursor.so.1.0.2
749fa7645000-749fa764b000 r-xp 00002000 08:02 9993426                    /usr/lib/x86_64-linux-gnu/libXcursor.so.1.0.2
749fa764b000-749fa764d000 r--p 00008000 08:02 9993426                    /usr/lib/x86_64-linux-gnu/libXcursor.so.1.0.2
749fa764d000-749fa764e000 r--p 00009000 08:02 9993426                    /usr/lib/x86_64-linux-gnu/libXcursor.so.1.0.2
749fa764e000-749fa764f000 rw-p 0000a000 08:02 9993426                    /usr/lib/x86_64-linux-gnu/libXcursor.so.1.0.2
749fa764f000-749fa7651000 r--p 00000000 08:02 9993452                    /usr/lib/x86_64-linux-gnu/libXrandr.so.2.2.0
749fa7651000-749fa7658000 r-xp 00002000 08:02 9993452                    /usr/lib/x86_64-linux-gnu/libXrandr.so.2.2.0
749fa7658000-749fa765a000 r--p 00009000 08:02 9993452                    /usr/lib/x86_64-linux-gnu/libXrandr.so.2.2.0
749fa765a000-749fa765b000 r--p 0000a000 08:02 9993452                    /usr/lib/x86_64-linux-gnu/libXrandr.so.2.2.0
749fa765b000-749fa765c000 rw-p 0000b000 08:02 9993452                    /usr/lib/x86_64-linux-gnu/libXrandr.so.2.2.0
749fa765c000-749fa765f000 r--p 00000000 08:02 9993440                    /usr/lib/x86_64-linux-gnu/libXi.so.6.1.0
749fa765f000-749fa766b000 r-xp 00003000 08:02 9993440                    /usr/lib/x86_64-linux-gnu/libXi.so.6.1.0
749fa766b000-749fa766d000 r--p 0000f000 08:02 9993440                    /usr/lib/x86_64-linux-gnu/libXi.so.6.1.0
749fa766d000-749fa766e000 r--p 00011000 08:02 9993440                    /usr/lib/x86_64-linux-gnu/libXi.so.6.1.0
749fa766e000-749fa766f000 rw-p 00012000 08:02 9993440                    /usr/lib/x86_64-linux-gnu/libXi.so.6.1.0
749fa766f000-749fa7a58000 rw-p 00000000 00:00 0 
749fa7a58000-749faa5a8000 ---p 00000000 00:00 0 
749faa5a8000-749faa8a0000 rw-p 00000000 00:00 0 
749faa8a0000-749fad3f0000 ---p 00000000 00:00 0 
749fad3f0000-749fad400000 rw-p 00000000 00:00 0 
749fad400000-749fad670000 rwxp 00000000 00:00 0 
749fad670000-749fb4937000 ---p 00000000 00:00 0 
749fb4937000-749fb4ba7000 rwxp 00000000 00:00 0 
749fb4ba7000-749fb4ec8000 ---p 00000000 00:00 0 
749fb4ec8000-749fb5138000 rwxp 00000000 00:00 0 
749fb5138000-749fbc400000 ---p 00000000 00:00 0 
749fbc400000-749fc3ed2000 r--s 00000000 08:02 19186808                   /usr/lib/jvm/java-17-openjdk-amd64/lib/modules
749fc3ed2000-749fc3ed4000 r--p 00000000 08:02 9993434                    /usr/lib/x86_64-linux-gnu/libXfixes.so.3.1.0
749fc3ed4000-749fc3ed7000 r-xp 00002000 08:02 9993434                    /usr/lib/x86_64-linux-gnu/libXfixes.so.3.1.0
749fc3ed7000-749fc3ed8000 r--p 00005000 08:02 9993434                    /usr/lib/x86_64-linux-gnu/libXfixes.so.3.1.0
749fc3ed8000-749fc3ed9000 r--p 00005000 08:02 9993434                    /usr/lib/x86_64-linux-gnu/libXfixes.so.3.1.0
749fc3ed9000-749fc3eda000 rw-p 00006000 08:02 9993434                    /usr/lib/x86_64-linux-gnu/libXfixes.so.3.1.0
749fc3eda000-749fc3edc000 r--p 00000000 08:02 9962615                    /usr/lib/x86_64-linux-gnu/libmd.so.0.1.0
749fc3edc000-749fc3ee5000 r-xp 00002000 08:02 9962615                    /usr/lib/x86_64-linux-gnu/libmd.so.0.1.0
749fc3ee5000-749fc3ee7000 r--p 0000b000 08:02 9962615                    /usr/lib/x86_64-linux-gnu/libmd.so.0.1.0
749fc3ee7000-749fc3ee8000 r--p 0000c000 08:02 9962615                    /usr/lib/x86_64-linux-gnu/libmd.so.0.1.0
749fc3ee8000-749fc3ee9000 rw-p 0000d000 08:02 9962615                    /usr/lib/x86_64-linux-gnu/libmd.so.0.1.0
749fc3ee9000-749fc3eed000 r--p 00000000 08:02 9962328                    /usr/lib/x86_64-linux-gnu/libbsd.so.0.12.1
749fc3eed000-749fc3ef9000 r-xp 00004000 08:02 9962328                    /usr/lib/x86_64-linux-gnu/libbsd.so.0.12.1
749fc3ef9000-749fc3efc000 r--p 00010000 08:02 9962328                    /usr/lib/x86_64-linux-gnu/libbsd.so.0.12.1
749fc3efc000-749fc3efd000 r--p 00012000 08:02 9962328                    /usr/lib/x86_64-linux-gnu/libbsd.so.0.12.1
749fc3efd000-749fc3efe000 rw-p 00013000 08:02 9962328                    /usr/lib/x86_64-linux-gnu/libbsd.so.0.12.1
749fc3efe000-749fc42b8000 rw-p 00000000 00:00 0 
749fc42b8000-749fc8000000 ---p 00000000 00:00 0 
749fc8002000-749fc800d000 r--p 00000000 08:02 9995302                    /usr/lib/x86_64-linux-gnu/libxcb.so.1.1.0
749fc800d000-749fc8020000 r-xp 0000b000 08:02 9995302                    /usr/lib/x86_64-linux-gnu/libxcb.so.1.1.0
749fc8020000-749fc8029000 r--p 0001e000 08:02 9995302                    /usr/lib/x86_64-linux-gnu/libxcb.so.1.1.0
749fc8029000-749fc802a000 r--p 00026000 08:02 9995302                    /usr/lib/x86_64-linux-gnu/libxcb.so.1.1.0
749fc802a000-749fc802b000 rw-p 00027000 08:02 9995302                    /usr/lib/x86_64-linux-gnu/libxcb.so.1.1.0
749fc802b000-749fc81c8000 rw-p 00000000 00:00 0 
749fc81c8000-749fc81c9000 ---p 00000000 00:00 0 
749fc81c9000-749fc82c9000 rw-p 00000000 00:00 0 
749fc82c9000-749fc82ca000 ---p 00000000 00:00 0 
749fc82ca000-749fc83ca000 rw-p 00000000 00:00 0 
749fc83ca000-749fc83cb000 ---p 00000000 00:00 0 
749fc83cb000-749fc84cb000 rw-p 00000000 00:00 0 
749fc84cb000-749fc8528000 rw-p 00000000 00:00 0 
749fc8528000-749fc8a92000 ---p 00000000 00:00 0 
749fc8a92000-749fc8af1000 rw-p 00000000 00:00 0 
749fc8af1000-749fc905b000 ---p 00000000 00:00 0 
749fc905b000-749fc90ba000 rw-p 00000000 00:00 0 
749fc90ba000-749fc9624000 ---p 00000000 00:00 0 
749fc9624000-749fc9a2f000 rw-p 00000000 00:00 0 
749fc9a2f000-749fc9b15000 ---p 00000000 00:00 0 
749fc9b15000-749fc9b1a000 rw-p 00000000 00:00 0 
749fc9b1a000-749fc9c00000 ---p 00000000 00:00 0 
749fc9c00000-749fc9c9d000 r--p 00000000 08:02 9961543                    /usr/lib/x86_64-linux-gnu/libstdc++.so.6.0.33
749fc9c9d000-749fc9de5000 r-xp 0009d000 08:02 9961543                    /usr/lib/x86_64-linux-gnu/libstdc++.so.6.0.33
749fc9de5000-749fc9e6c000 r--p 001e5000 08:02 9961543                    /usr/lib/x86_64-linux-gnu/libstdc++.so.6.0.33
749fc9e6c000-749fc9e77000 r--p 0026b000 08:02 9961543                    /usr/lib/x86_64-linux-gnu/libstdc++.so.6.0.33
749fc9e77000-749fc9e7a000 rw-p 00276000 08:02 9961543                    /usr/lib/x86_64-linux-gnu/libstdc++.so.6.0.33
749fc9e7a000-749fc9e7e000 rw-p 00000000 00:00 0 
749fc9e80000-749fc9e81000 r--p 00000000 08:02 9993442                    /usr/lib/x86_64-linux-gnu/libXinerama.so.1.0.0
749fc9e81000-749fc9e82000 r-xp 00001000 08:02 9993442                    /usr/lib/x86_64-linux-gnu/libXinerama.so.1.0.0
749fc9e82000-749fc9e83000 r--p 00002000 08:02 9993442                    /usr/lib/x86_64-linux-gnu/libXinerama.so.1.0.0
749fc9e83000-749fc9e84000 r--p 00002000 08:02 9993442                    /usr/lib/x86_64-linux-gnu/libXinerama.so.1.0.0
749fc9e84000-749fc9e85000 rw-p 00003000 08:02 9993442                    /usr/lib/x86_64-linux-gnu/libXinerama.so.1.0.0
749fc9e85000-749fc9e89000 r--p 00000000 08:02 9993432                    /usr/lib/x86_64-linux-gnu/libXext.so.6.4.0
749fc9e89000-749fc9e94000 r-xp 00004000 08:02 9993432                    /usr/lib/x86_64-linux-gnu/libXext.so.6.4.0
749fc9e94000-749fc9e97000 r--p 0000f000 08:02 9993432                    /usr/lib/x86_64-linux-gnu/libXext.so.6.4.0
749fc9e97000-749fc9e98000 r--p 00011000 08:02 9993432                    /usr/lib/x86_64-linux-gnu/libXext.so.6.4.0
749fc9e98000-749fc9e99000 rw-p 00012000 08:02 9993432                    /usr/lib/x86_64-linux-gnu/libXext.so.6.4.0
749fc9e99000-749fc9e9a000 r--p 00000000 08:02 9993470                    /usr/lib/x86_64-linux-gnu/libXxf86vm.so.1.0.0
749fc9e9a000-749fc9e9d000 r-xp 00001000 08:02 9993470                    /usr/lib/x86_64-linux-gnu/libXxf86vm.so.1.0.0
749fc9e9d000-749fc9e9e000 r--p 00004000 08:02 9993470                    /usr/lib/x86_64-linux-gnu/libXxf86vm.so.1.0.0
749fc9e9e000-749fc9e9f000 r--p 00004000 08:02 9993470                    /usr/lib/x86_64-linux-gnu/libXxf86vm.so.1.0.0
749fc9e9f000-749fc9ea0000 rw-p 00005000 08:02 9993470                    /usr/lib/x86_64-linux-gnu/libXxf86vm.so.1.0.0
749fc9ea0000-749fc9ea4000 r--p 00000000 08:02 19186799                   /usr/lib/jvm/java-17-openjdk-amd64/lib/libnet.so
749fc9ea4000-749fc9eb2000 r-xp 00004000 08:02 19186799                   /usr/lib/jvm/java-17-openjdk-amd64/lib/libnet.so
749fc9eb2000-749fc9eb6000 r--p 00012000 08:02 19186799                   /usr/lib/jvm/java-17-openjdk-amd64/lib/libnet.so
749fc9eb6000-749fc9eb7000 r--p 00015000 08:02 19186799                   /usr/lib/jvm/java-17-openjdk-amd64/lib/libnet.so
749fc9eb7000-749fc9eb8000 rw-p 00016000 08:02 19186799                   /usr/lib/jvm/java-17-openjdk-amd64/lib/libnet.so
749fc9eb8000-749fc9ebf000 r--p 00000000 08:02 19186800                   /usr/lib/jvm/java-17-openjdk-amd64/lib/libnio.so
749fc9ebf000-749fc9ec8000 r-xp 00007000 08:02 19186800                   /usr/lib/jvm/java-17-openjdk-amd64/lib/libnio.so
749fc9ec8000-749fc9ecc000 r--p 00010000 08:02 19186800                   /usr/lib/jvm/java-17-openjdk-amd64/lib/libnio.so
749fc9ecc000-749fc9ecd000 r--p 00014000 08:02 19186800                   /usr/lib/jvm/java-17-openjdk-amd64/lib/libnio.so
749fc9ecd000-749fc9ece000 rw-p 00015000 08:02 19186800                   /usr/lib/jvm/java-17-openjdk-amd64/lib/libnio.so
749fc9ece000-749fc9f00000 rw-p 00000000 00:00 0 
749fc9f00000-749fc9f04000 ---p 00000000 00:00 0 
749fc9f04000-749fca000000 rw-p 00000000 00:00 0 
749fca000000-749fca251000 r--p 00000000 08:02 19186812                   /usr/lib/jvm/java-17-openjdk-amd64/lib/server/libjvm.so
749fca251000-749fcafc3000 r-xp 00251000 08:02 19186812                   /usr/lib/jvm/java-17-openjdk-amd64/lib/server/libjvm.so
749fcafc3000-749fcb244000 r--p 00fc3000 08:02 19186812                   /usr/lib/jvm/java-17-openjdk-amd64/lib/server/libjvm.so
749fcb244000-749fcb2fc000 r--p 01244000 08:02 19186812                   /usr/lib/jvm/java-17-openjdk-amd64/lib/server/libjvm.so
749fcb2fc000-749fcb331000 rw-p 012fc000 08:02 19186812                   /usr/lib/jvm/java-17-openjdk-amd64/lib/server/libjvm.so
749fcb331000-749fcb38b000 rw-p 00000000 00:00 0 
749fcb38d000-749fcb38e000 r--p 00000000 08:02 9975241                    /usr/lib/x86_64-linux-gnu/libpthread.so.0
749fcb38e000-749fcb38f000 r-xp 00001000 08:02 9975241                    /usr/lib/x86_64-linux-gnu/libpthread.so.0
749fcb38f000-749fcb390000 r--p 00002000 08:02 9975241                    /usr/lib/x86_64-linux-gnu/libpthread.so.0
749fcb390000-749fcb391000 r--p 00002000 08:02 9975241                    /usr/lib/x86_64-linux-gnu/libpthread.so.0
749fcb391000-749fcb392000 rw-p 00003000 08:02 9975241                    /usr/lib/x86_64-linux-gnu/libpthread.so.0
749fcb392000-749fcb394000 r--p 00000000 08:02 9993430                    /usr/lib/x86_64-linux-gnu/libXdmcp.so.6.0.0
749fcb394000-749fcb396000 r-xp 00002000 08:02 9993430                    /usr/lib/x86_64-linux-gnu/libXdmcp.so.6.0.0
749fcb396000-749fcb398000 r--p 00004000 08:02 9993430                    /usr/lib/x86_64-linux-gnu/libXdmcp.so.6.0.0
749fcb398000-749fcb399000 r--p 00005000 08:02 9993430                    /usr/lib/x86_64-linux-gnu/libXdmcp.so.6.0.0
749fcb399000-749fcb39a000 rw-p 00006000 08:02 9993430                    /usr/lib/x86_64-linux-gnu/libXdmcp.so.6.0.0
749fcb39a000-749fcb39b000 r--p 00000000 08:02 9993419                    /usr/lib/x86_64-linux-gnu/libXau.so.6.0.0
749fcb39b000-749fcb39d000 r-xp 00001000 08:02 9993419                    /usr/lib/x86_64-linux-gnu/libXau.so.6.0.0
749fcb39d000-749fcb39e000 r--p 00003000 08:02 9993419                    /usr/lib/x86_64-linux-gnu/libXau.so.6.0.0
749fcb39e000-749fcb39f000 r--p 00003000 08:02 9993419                    /usr/lib/x86_64-linux-gnu/libXau.so.6.0.0
749fcb39f000-749fcb3a0000 rw-p 00004000 08:02 9993419                    /usr/lib/x86_64-linux-gnu/libXau.so.6.0.0
749fcb3a0000-749fcb3a2000 r--p 00000000 08:02 19186807                   /usr/lib/jvm/java-17-openjdk-amd64/lib/libzip.so
749fcb3a2000-749fcb3a7000 r-xp 00002000 08:02 19186807                   /usr/lib/jvm/java-17-openjdk-amd64/lib/libzip.so
749fcb3a7000-749fcb3a9000 r--p 00007000 08:02 19186807                   /usr/lib/jvm/java-17-openjdk-amd64/lib/libzip.so
749fcb3a9000-749fcb3aa000 r--p 00008000 08:02 19186807                   /usr/lib/jvm/java-17-openjdk-amd64/lib/libzip.so
749fcb3aa000-749fcb3ab000 rw-p 00009000 08:02 19186807                   /usr/lib/jvm/java-17-openjdk-amd64/lib/libzip.so
749fcb3ab000-749fcb3b7000 r--p 00000000 08:02 19186786                   /usr/lib/jvm/java-17-openjdk-amd64/lib/libjava.so
749fcb3b7000-749fcb3c9000 r-xp 0000c000 08:02 19186786                   /usr/lib/jvm/java-17-openjdk-amd64/lib/libjava.so
749fcb3c9000-749fcb3cf000 r--p 0001e000 08:02 19186786                   /usr/lib/jvm/java-17-openjdk-amd64/lib/libjava.so
749fcb3cf000-749fcb3d0000 r--p 00023000 08:02 19186786                   /usr/lib/jvm/java-17-openjdk-amd64/lib/libjava.so
749fcb3d0000-749fcb3d1000 rw-p 00024000 08:02 19186786                   /usr/lib/jvm/java-17-openjdk-amd64/lib/libjava.so
749fcb3d1000-749fcb3d2000 rw-p 00000000 00:00 0 
749fcb3d2000-749fcb3d6000 r--p 00000000 08:02 9968166                    /usr/lib/x86_64-linux-gnu/libgcc_s.so.1
749fcb3d6000-749fcb3fa000 r-xp 00004000 08:02 9968166                    /usr/lib/x86_64-linux-gnu/libgcc_s.so.1
749fcb3fa000-749fcb3fe000 r--p 00028000 08:02 9968166                    /usr/lib/x86_64-linux-gnu/libgcc_s.so.1
749fcb3fe000-749fcb3ff000 r--p 0002b000 08:02 9968166                    /usr/lib/x86_64-linux-gnu/libgcc_s.so.1
749fcb3ff000-749fcb400000 rw-p 0002c000 08:02 9968166                    /usr/lib/x86_64-linux-gnu/libgcc_s.so.1
749fcb400000-749fcb428000 r--p 00000000 08:02 9975229                    /usr/lib/x86_64-linux-gnu/libc.so.6
749fcb428000-749fcb5b0000 r-xp 00028000 08:02 9975229                    /usr/lib/x86_64-linux-gnu/libc.so.6
749fcb5b0000-749fcb5ff000 r--p 001b0000 08:02 9975229                    /usr/lib/x86_64-linux-gnu/libc.so.6
749fcb5ff000-749fcb603000 r--p 001fe000 08:02 9975229                    /usr/lib/x86_64-linux-gnu/libc.so.6
749fcb603000-749fcb605000 rw-p 00202000 08:02 9975229                    /usr/lib/x86_64-linux-gnu/libc.so.6
749fcb605000-749fcb612000 rw-p 00000000 00:00 0 
749fcb615000-749fcb616000 r--p 00000000 08:02 19186779                   /usr/lib/jvm/java-17-openjdk-amd64/lib/libextnet.so
749fcb616000-749fcb617000 r-xp 00001000 08:02 19186779                   /usr/lib/jvm/java-17-openjdk-amd64/lib/libextnet.so
749fcb617000-749fcb618000 r--p 00002000 08:02 19186779                   /usr/lib/jvm/java-17-openjdk-amd64/lib/libextnet.so
749fcb618000-749fcb619000 r--p 00002000 08:02 19186779                   /usr/lib/jvm/java-17-openjdk-amd64/lib/libextnet.so
749fcb619000-749fcb61a000 rw-p 00003000 08:02 19186779                   /usr/lib/jvm/java-17-openjdk-amd64/lib/libextnet.so
749fcb61a000-749fcb61f000 rw-p 00000000 00:00 0 
749fcb61f000-749fcb626000 ---p 00000000 00:00 0 
749fcb626000-749fcb636000 r--p 00000000 08:02 9975232                    /usr/lib/x86_64-linux-gnu/libm.so.6
749fcb636000-749fcb6b5000 r-xp 00010000 08:02 9975232                    /usr/lib/x86_64-linux-gnu/libm.so.6
749fcb6b5000-749fcb70d000 r--p 0008f000 08:02 9975232                    /usr/lib/x86_64-linux-gnu/libm.so.6
749fcb70d000-749fcb70e000 r--p 000e7000 08:02 9975232                    /usr/lib/x86_64-linux-gnu/libm.so.6
749fcb70e000-749fcb70f000 rw-p 000e8000 08:02 9975232                    /usr/lib/x86_64-linux-gnu/libm.so.6
749fcb70f000-749fcb711000 rw-p 00000000 00:00 0 
749fcb711000-749fcb713000 r--p 00000000 08:02 19186790                   /usr/lib/jvm/java-17-openjdk-amd64/lib/libjli.so
749fcb713000-749fcb71d000 r-xp 00002000 08:02 19186790                   /usr/lib/jvm/java-17-openjdk-amd64/lib/libjli.so
749fcb71d000-749fcb720000 r--p 0000c000 08:02 19186790                   /usr/lib/jvm/java-17-openjdk-amd64/lib/libjli.so
749fcb720000-749fcb721000 r--p 0000f000 08:02 19186790                   /usr/lib/jvm/java-17-openjdk-amd64/lib/libjli.so
749fcb721000-749fcb722000 rw-p 00010000 08:02 19186790                   /usr/lib/jvm/java-17-openjdk-amd64/lib/libjli.so
749fcb722000-749fcb724000 r--p 00000000 08:02 9962307                    /usr/lib/x86_64-linux-gnu/libz.so.1.3
749fcb724000-749fcb736000 r-xp 00002000 08:02 9962307                    /usr/lib/x86_64-linux-gnu/libz.so.1.3
749fcb736000-749fcb73c000 r--p 00014000 08:02 9962307                    /usr/lib/x86_64-linux-gnu/libz.so.1.3
749fcb73c000-749fcb73d000 r--p 0001a000 08:02 9962307                    /usr/lib/x86_64-linux-gnu/libz.so.1.3
749fcb73d000-749fcb73e000 rw-p 0001b000 08:02 9962307                    /usr/lib/x86_64-linux-gnu/libz.so.1.3
749fcb73f000-749fcb747000 rw-s 00000000 08:02 25690518                   /tmp/hsperfdata_pavel/287447
749fcb747000-749fcb748000 r--p 00000000 08:02 19186781                   /usr/lib/jvm/java-17-openjdk-amd64/lib/libinstrument.so
749fcb748000-749fcb74e000 r-xp 00001000 08:02 19186781                   /usr/lib/jvm/java-17-openjdk-amd64/lib/libinstrument.so
749fcb74e000-749fcb751000 r--p 00007000 08:02 19186781                   /usr/lib/jvm/java-17-openjdk-amd64/lib/libinstrument.so
749fcb751000-749fcb752000 r--p 00009000 08:02 19186781                   /usr/lib/jvm/java-17-openjdk-amd64/lib/libinstrument.so
749fcb752000-749fcb753000 rw-p 0000a000 08:02 19186781                   /usr/lib/jvm/java-17-openjdk-amd64/lib/libinstrument.so
749fcb753000-749fcb754000 ---p 00000000 00:00 0 
749fcb754000-749fcb755000 r--p 00000000 00:00 0 
749fcb755000-749fcb756000 ---p 00000000 00:00 0 
749fcb756000-749fcb758000 r--p 00000000 08:02 19186789                   /usr/lib/jvm/java-17-openjdk-amd64/lib/libjimage.so
749fcb758000-749fcb75b000 r-xp 00002000 08:02 19186789                   /usr/lib/jvm/java-17-openjdk-amd64/lib/libjimage.so
749fcb75b000-749fcb75c000 r--p 00005000 08:02 19186789                   /usr/lib/jvm/java-17-openjdk-amd64/lib/libjimage.so
749fcb75c000-749fcb75d000 r--p 00006000 08:02 19186789                   /usr/lib/jvm/java-17-openjdk-amd64/lib/libjimage.so
749fcb75d000-749fcb75e000 rw-p 00007000 08:02 19186789                   /usr/lib/jvm/java-17-openjdk-amd64/lib/libjimage.so
749fcb75e000-749fcb760000 rw-p 00000000 00:00 0 
749fcb760000-749fcb761000 r--p 00000000 08:02 9975226                    /usr/lib/x86_64-linux-gnu/ld-linux-x86-64.so.2
749fcb761000-749fcb78c000 r-xp 00001000 08:02 9975226                    /usr/lib/x86_64-linux-gnu/ld-linux-x86-64.so.2
749fcb78c000-749fcb796000 r--p 0002c000 08:02 9975226                    /usr/lib/x86_64-linux-gnu/ld-linux-x86-64.so.2
749fcb796000-749fcb798000 r--p 00036000 08:02 9975226                    /usr/lib/x86_64-linux-gnu/ld-linux-x86-64.so.2
749fcb798000-749fcb79a000 rw-p 00038000 08:02 9975226                    /usr/lib/x86_64-linux-gnu/ld-linux-x86-64.so.2
7ffe9f950000-7ffe9f971000 rw-p 00000000 00:00 0                          [stack]
7ffe9f9ba000-7ffe9f9be000 r--p 00000000 00:00 0                          [vvar]
7ffe9f9be000-7ffe9f9c0000 r-xp 00000000 00:00 0                          [vdso]
ffffffffff600000-ffffffffff601000 --xp 00000000 00:00 0                  [vsyscall]


VM Arguments:
jvm_args: -javaagent:/home/pavel/.local/share/JetBrains/Toolbox/apps/intellij-idea-community-edition/lib/idea_rt.jar=46279 -Dfile.encoding=UTF-8 
java_command: org.example.Main
java_class_path (initial): /home/pavel/IdeaProjects/untitled1/target/classes:/home/pavel/.m2/repository/uk/co/electronstudio/jaylib/jaylib/5.5.0-2/jaylib-5.5.0-2.jar
Launcher Type: SUN_STANDARD

[Global flags]
     intx CICompilerCount                          = 3                                         {product} {ergonomic}
     uint ConcGCThreads                            = 1                                         {product} {ergonomic}
     uint G1ConcRefinementThreads                  = 4                                         {product} {ergonomic}
   size_t G1HeapRegionSize                         = 2097152                                   {product} {ergonomic}
    uintx GCDrainStackTargetSize                   = 64                                        {product} {ergonomic}
   size_t InitialHeapSize                          = 195035136                                 {product} {ergonomic}
   size_t MarkStackSize                            = 4194304                                   {product} {ergonomic}
   size_t MaxHeapSize                              = 3105882112                                {product} {ergonomic}
   size_t MaxNewSize                               = 1862270976                                {product} {ergonomic}
   size_t MinHeapDeltaBytes                        = 2097152                                   {product} {ergonomic}
   size_t MinHeapSize                              = 8388608                                   {product} {ergonomic}
    uintx NonNMethodCodeHeapSize                   = 5832780                                {pd product} {ergonomic}
    uintx NonProfiledCodeHeapSize                  = 122912730                              {pd product} {ergonomic}
    uintx ProfiledCodeHeapSize                     = 122912730                              {pd product} {ergonomic}
    uintx ReservedCodeCacheSize                    = 251658240                              {pd product} {ergonomic}
     bool SegmentedCodeCache                       = true                                      {product} {ergonomic}
   size_t SoftMaxHeapSize                          = 3105882112                             {manageable} {ergonomic}
     bool UseCompressedClassPointers               = true                           {product lp64_product} {ergonomic}
     bool UseCompressedOops                        = true                           {product lp64_product} {ergonomic}
     bool UseG1GC                                  = true                                      {product} {ergonomic}

Logging:
Log output configuration:
 #0: stdout all=warning uptime,level,tags
 #1: stderr all=off uptime,level,tags

Environment Variables:
PATH=/home/pavel/.cargo/bin:/home/pavel/.local/bin:/usr/local/sbin:/usr/local/bin:/usr/sbin:/usr/bin:/sbin:/bin:/usr/games:/usr/local/games:/snap/bin:/home/pavel/.dotnet/tools:/usr/share/dotnet:/home/pavel/.local/share/JetBrains/Toolbox/scripts
SHELL=/usr/bin/zsh
DISPLAY=:0
LANG=ru_RU.UTF-8

Active Locale:
LC_ALL=ru_RU.UTF-8
LC_COLLATE=ru_RU.UTF-8
LC_CTYPE=ru_RU.UTF-8
LC_MESSAGES=ru_RU.UTF-8
LC_MONETARY=ru_RU.UTF-8
LC_NUMERIC=ru_RU.UTF-8
LC_TIME=ru_RU.UTF-8

Signal Handlers:
   SIGSEGV: crash_handler in libjvm.so, mask=11100100010111111101111111111110, flags=SA_RESTART|SA_SIGINFO, unblocked
    SIGBUS: crash_handler in libjvm.so, mask=11100100010111111101111111111110, flags=SA_RESTART|SA_SIGINFO, unblocked
    SIGFPE: crash_handler in libjvm.so, mask=11100100010111111101111111111110, flags=SA_RESTART|SA_SIGINFO, unblocked
   SIGPIPE: javaSignalHandler in libjvm.so, mask=11100100010111111101111111111110, flags=SA_RESTART|SA_SIGINFO, blocked
   SIGXFSZ: javaSignalHandler in libjvm.so, mask=11100100010111111101111111111110, flags=SA_RESTART|SA_SIGINFO, blocked
    SIGILL: crash_handler in libjvm.so, mask=11100100010111111101111111111110, flags=SA_RESTART|SA_SIGINFO, unblocked
   SIGUSR2: SR_handler in libjvm.so, mask=00000000000000000000000000000000, flags=SA_RESTART|SA_SIGINFO, blocked
    SIGHUP: UserHandler in libjvm.so, mask=11100100010111111101111111111110, flags=SA_RESTART|SA_SIGINFO, blocked
    SIGINT: UserHandler in libjvm.so, mask=11100100010111111101111111111110, flags=SA_RESTART|SA_SIGINFO, blocked
   SIGTERM: UserHandler in libjvm.so, mask=11100100010111111101111111111110, flags=SA_RESTART|SA_SIGINFO, blocked
   SIGQUIT: UserHandler in libjvm.so, mask=11100100010111111101111111111110, flags=SA_RESTART|SA_SIGINFO, blocked
   SIGTRAP: crash_handler in libjvm.so, mask=11100100010111111101111111111110, flags=SA_RESTART|SA_SIGINFO, unblocked


Periodic native trim disabled


---------------  S Y S T E M  ---------------

OS:
DISTRIB_ID=LinuxMint
DISTRIB_RELEASE=22.3
DISTRIB_CODENAME=zena
DISTRIB_DESCRIPTION="Linux Mint 22.3 Zena"
uname: Linux 6.8.0-101-generic #101-Ubuntu SMP PREEMPT_DYNAMIC Mon Feb  9 10:15:05 UTC 2026 x86_64
OS uptime: 1 days 21:40 hours
libc: glibc 2.39 NPTL 2.39 
rlimit (soft/hard): STACK 8192k/infinity , CORE 0k/infinity , NPROC 47013/47013 , NOFILE 1048576/1048576 , AS infinity/infinity , CPU infinity/infinity , DATA infinity/infinity , FSIZE infinity/infinity , MEMLOCK 1515588k/1515588k
load average: 2,33 2,45 2,90

/proc/meminfo:
MemTotal:       12124728 kB
MemFree:         2432964 kB
MemAvailable:    7476968 kB
Buffers:          101592 kB
Cached:          5117388 kB
SwapCached:        34368 kB
Active:          4755040 kB
Inactive:        3436204 kB
Active(anon):    2942640 kB
Inactive(anon):   558788 kB
Active(file):    1812400 kB
Inactive(file):  2877416 kB
Unevictable:      281332 kB
Mlocked:              64 kB
SwapTotal:       2097148 kB
SwapFree:         173980 kB
Zswap:                 0 kB
Zswapped:              0 kB
Dirty:              2580 kB
Writeback:             0 kB
AnonPages:       3222488 kB
Mapped:          1378508 kB
Shmem:            529164 kB
KReclaimable:     678764 kB
Slab:             898572 kB
SReclaimable:     678764 kB
SUnreclaim:       219808 kB
KernelStack:       21824 kB
PageTables:        60448 kB
SecPageTables:         0 kB
NFS_Unstable:          0 kB
Bounce:                0 kB
WritebackTmp:          0 kB
CommitLimit:     8159512 kB
Committed_AS:   22830700 kB
VmallocTotal:   34359738367 kB
VmallocUsed:       87664 kB
VmallocChunk:          0 kB
Percpu:             3600 kB
HardwareCorrupted:     0 kB
AnonHugePages:         0 kB
ShmemHugePages:        0 kB
ShmemPmdMapped:        0 kB
FileHugePages:         0 kB
FilePmdMapped:         0 kB
Unaccepted:            0 kB
HugePages_Total:       0
HugePages_Free:        0
HugePages_Rsvd:        0
HugePages_Surp:        0
Hugepagesize:       2048 kB
Hugetlb:               0 kB
DirectMap4k:      343460 kB
DirectMap2M:     5824512 kB
DirectMap1G:     6291456 kB

/sys/kernel/mm/transparent_hugepage/enabled: always [madvise] never
/sys/kernel/mm/transparent_hugepage/hpage_pmd_size: 2097152
/sys/kernel/mm/transparent_hugepage/defrag (defrag/compaction efforts parameter): always defer defer+madvise [madvise] never

Process Memory:
Virtual Size: 6066616K (peak: 6127744K)
Resident Set Size: 58356K (peak: 58356K) (anon: 32636K, file: 25720K, shmem: 0K)
Swapped out: 0K
C-Heap outstanding allocations: 18684K, retained: 2691K
glibc malloc tunables: (default)

/proc/sys/kernel/threads-max (system-wide limit on the number of threads): 94026
/proc/sys/vm/max_map_count (maximum number of memory map areas a process may have): 1048576
/proc/sys/vm/swappiness (control to define how aggressively the kernel swaps out anonymous memory): 60
/proc/sys/kernel/pid_max (system-wide limit on number of process identifiers): 4194304

container (cgroup) information:
container_type: cgroupv2
cpu_cpuset_cpus: not supported
cpu_memory_nodes: not supported
active_processor_count: 4
cpu_quota: no quota
cpu_period: 100000
cpu_shares: no shares
memory_limit_in_bytes: unlimited
memory_and_swap_limit_in_bytes: unlimited
memory_soft_limit_in_bytes: 0
memory_usage_in_bytes: 7830652 k
memory_max_usage_in_bytes: not supported
rss_usage_in_bytes: 2868304 k
cache_usage_in_bytes: 4602536 k
memory_swap_current_in_bytes: 1391620 k
memory_swap_max_limit_in_bytes: unlimited
maximum number of tasks: unlimited
current number of tasks: 825

Steal ticks since vm start: 0
Steal ticks percentage since vm start:  0,000

CPU: total 4 (initial active 4) (2 cores per cpu, 2 threads per core) family 6 model 142 stepping 10 microcode 0xf6, cx8, cmov, fxsr, ht, mmx, 3dnowpref, sse, sse2, sse3, ssse3, sse4.1, sse4.2, popcnt, lzcnt, tsc, tscinvbit, aes, erms, clmul, clflush, clflushopt
CPU Model and flags from /proc/cpuinfo:
model name	: Intel(R) Pentium(R) CPU 4417U @ 2.30GHz
flags		: fpu vme de pse tsc msr pae mce cx8 apic sep mtrr pge mca cmov pat pse36 clflush dts acpi mmx fxsr sse sse2 ss ht tm pbe syscall nx pdpe1gb rdtscp lm constant_tsc art arch_perfmon pebs bts rep_good nopl xtopology nonstop_tsc cpuid aperfmperf pni pclmulqdq dtes64 monitor ds_cpl vmx est tm2 ssse3 sdbg cx16 xtpr pdcm pcid sse4_1 sse4_2 x2apic movbe popcnt tsc_deadline_timer aes xsave rdrand lahf_lm abm 3dnowprefetch cpuid_fault epb pti ssbd ibrs ibpb stibp tpr_shadow flexpriority ept vpid ept_ad fsgsbase tsc_adjust smep erms invpcid mpx rdseed smap clflushopt intel_pt xsaveopt xsavec xgetbv1 xsaves dtherm arat pln pts hwp hwp_notify hwp_act_window hwp_epp vnmi md_clear flush_l1d arch_capabilities ibpb_exit_to_user

Online cpus: 0-3
Offline cpus: 
BIOS frequency limitation: <Not Available>
Frequency switch latency (ns): 0
Available cpu frequencies: <Not Available>
Current governor: powersave
Core performance/turbo boost: <Not Available>

Memory: 4k page, physical 12124728k(2432964k free), swap 2097148k(173980k free)
Page Sizes: 4k

vm_info: OpenJDK 64-Bit Server VM (17.0.18+8-Ubuntu-124.04.1) for linux-amd64 JRE (17.0.18+8-Ubuntu-124.04.1), built on Jan 29 2026 04:05:05 by "buildd" with gcc 13.3.0

END.
